2020-08-11 15:36:32,560 - test_api.py[line:145] - INFO: 用例前置：将账号修改密码还原为'aaa111'
2020-08-11 15:36:32,560 - api_request.py[line:36] - INFO: 本次请求头：
2020-08-11 15:36:32,561 - api_request.py[line:37] - INFO: {'Authorization': 'Bear E0BFB7F8B55B7293F39C641D76790F75D25A34B9C2A87DB380ECD7F7115882EC', 'clientKey': 'D951406E0C41E664DBA079F6E0D066F9D25A34B9C2A87DB380ECD7F7115882EC', 'random': 's5AWbxEgJoZdCNRYLrympfFB2TKwHM5O', 'lng': '116.397128', 'lat': '39.916527', 'mac': 'n8jEem2VGZfXdOT', 'deviceinfo': 'iOS 11.3', 'ip': '223.75.238.173', 'appversion': '1.0.2', 'apppt': '2', 'isNoEncryption': '1', 'channelId': '1'}
2020-08-11 15:36:32,730 - api_request.py[line:47] - INFO: post接口请求成功！
2020-08-11 15:36:32,730 - test_api.py[line:150] - INFO: 本次请求响应结果如下：
2020-08-11 15:36:32,730 - test_api.py[line:151] - INFO: {'result': True, 'code': 2000000, 'ret': None, 'message': '成功'}
2020-08-11 15:36:32,731 - test_api.py[line:20] - INFO: =================================================================
2020-08-11 15:36:32,731 - test_api.py[line:21] - INFO: api接口测试场景：手机号登录-正确场景
2020-08-11 15:36:32,731 - test_api.py[line:22] - INFO: ===请求参数为：
2020-08-11 15:36:32,731 - test_api.py[line:23] - INFO: {'url': 'https://ggapi.qwdj.com/newapi/api/user/login', 'parame': {'account_type': '1', 'phonenum': '13297025059', 'password': 'aaa111'}, 'Method': 'post', 'expect': 2000000}
2020-08-11 15:36:32,731 - test_api.py[line:24] - INFO: TOKEN的值：
2020-08-11 15:36:32,732 - test_api.py[line:25] - INFO: KEYS的值：
2020-08-11 15:36:32,732 - api_request.py[line:36] - INFO: 本次请求头：
2020-08-11 15:36:32,732 - api_request.py[line:37] - INFO: {'Authorization': 'Bear E0BFB7F8B55B7293F39C641D76790F75D25A34B9C2A87DB380ECD7F7115882EC', 'clientKey': 'D951406E0C41E664DBA079F6E0D066F9D25A34B9C2A87DB380ECD7F7115882EC', 'random': 'xHeMynYDI1wJOmPpcdgqfXzABiN2kTZF', 'lng': '116.397128', 'lat': '39.916527', 'mac': '1cB8hOp7sFuTLnf', 'deviceinfo': 'iOS 11.3', 'ip': '223.75.238.173', 'appversion': '1.0.2', 'apppt': '2', 'isNoEncryption': '1', 'channelId': '1'}
2020-08-11 15:36:32,935 - api_request.py[line:47] - INFO: post接口请求成功！
2020-08-11 15:36:32,936 - test_api.py[line:28] - INFO: 本次请求响应结果如下：
2020-08-11 15:36:32,936 - test_api.py[line:29] - INFO: {'result': True, 'code': 2000000, 'ret': {'id': 18959573, 'uuid': 18959573, 'jpush_register_id': None, 'netease_im_token': '123456', 'nick_name': '更改昵称-对', 'avatar': 'https://static.gg6.com.cn/up/default_avatar.png', 'bg_img': None, 'sign': None, 'phonenum': 'LaKjE5jenWpF88E1E5gTmw==', 'gender': 0, 'audio': None, 'audio_duration': 0, 'user_img': None, 'video': None, 'interest_ids': None, 'work_type': None, 'height': None, 'weight': '62.00', 'country': None, 'province': None, 'city': None, 'address': None, 'birthday': None, 'language': None, 'p_user_id': None, 'is_system': 0, 'vip_exp': '0.00', 'vip_level_id': None, 'noble_exp': '0.00', 'noble_level_id': None, 'channel_id': 1, 'last_online_at': None, 'is_open_push': 0, 'mac': None, 'user_last_login_appid': 1, 'created_at': '2020-08-07 17:52:19', 'account_type': '1', 'status_str': '有效', 'work_type_str': None, 'gender_str': '保密', 'is_new': '1', 'constellation': '保密', 'age': '保密', 'user_img_arr': ['https://static.gg6.com.cn/up/default_user_img.png'], 'token': 'BE0B260EBBA637BE94EE569920A1CF8147F91DB40EFC6A22350ECA5C953C4742', 'key': '7CEBEC695134CE4074499010EB0BFCEF47F91DB40EFC6A22350ECA5C953C4742', 'secret': '5268AA2A3E5D25F2', 'mount': None, 'avatar_frame': None, 'seat_frame': None, 'medal': None, 'join_effect': None, 'vip_level': None, 'noble_level': None, 'is_player': 0}, 'message': '成功'}
2020-08-11 15:36:32,936 - test_api.py[line:156] - INFO: code断言成功.
2020-08-11 15:36:32,945 - test_api.py[line:20] - INFO: =================================================================
2020-08-11 15:36:32,945 - test_api.py[line:21] - INFO: api接口测试场景：更新个人信息
2020-08-11 15:36:32,945 - test_api.py[line:22] - INFO: ===请求参数为：
2020-08-11 15:36:32,945 - test_api.py[line:23] - INFO: {'url': 'https://ggapi.qwdj.com/newapi/api/user/updateBySelf', 'parame': {'nick_name': '更改昵称-善', 'weight': '62'}, 'Method': 'post', 'expect': 2000000, 'expect_name': '更改昵称-善'}
2020-08-11 15:36:32,946 - test_api.py[line:24] - INFO: TOKEN的值：BE0B260EBBA637BE94EE569920A1CF8147F91DB40EFC6A22350ECA5C953C4742
2020-08-11 15:36:32,946 - test_api.py[line:25] - INFO: KEYS的值：7CEBEC695134CE4074499010EB0BFCEF47F91DB40EFC6A22350ECA5C953C4742
2020-08-11 15:36:32,946 - api_request.py[line:36] - INFO: 本次请求头：
2020-08-11 15:36:32,946 - api_request.py[line:37] - INFO: {'Authorization': 'Bear BE0B260EBBA637BE94EE569920A1CF8147F91DB40EFC6A22350ECA5C953C4742', 'clientKey': '7CEBEC695134CE4074499010EB0BFCEF47F91DB40EFC6A22350ECA5C953C4742', 'random': 'gLEsdurTUACKn2YXhcwOtlva7BINopVS', 'lng': '116.397128', 'lat': '39.916527', 'mac': 'mgXMRcuGxfQIsl3', 'deviceinfo': 'iOS 11.3', 'ip': '223.75.238.173', 'appversion': '1.0.2', 'apppt': '2', 'isNoEncryption': '1', 'channelId': '1'}
2020-08-11 15:36:33,186 - api_request.py[line:47] - INFO: post接口请求成功！
2020-08-11 15:36:33,187 - test_api.py[line:28] - INFO: 本次请求响应结果如下：
2020-08-11 15:36:33,187 - test_api.py[line:29] - INFO: {'result': True, 'code': 2000000, 'ret': {'id': 18959573, 'uuid': 18959573, 'jpush_register_id': None, 'netease_im_token': '123456', 'nick_name': '更改昵称-善', 'avatar': 'https://static.gg6.com.cn/up/default_avatar.png', 'bg_img': None, 'sign': None, 'phonenum': '13297025059', 'gender': 0, 'audio': None, 'audio_duration': 0, 'user_img': None, 'video': None, 'interest_ids': None, 'work_type': None, 'height': None, 'weight': '62', 'country': None, 'province': None, 'city': None, 'address': None, 'birthday': None, 'language': None, 'p_user_id': None, 'is_system': 0, 'vip_exp': '0.00', 'vip_level_id': None, 'noble_exp': '0.00', 'noble_level_id': None, 'channel_id': 1, 'last_online_at': None, 'is_open_push': 0, 'mac': None, 'user_last_login_appid': 1, 'created_at': '2020-08-07 17:52:19', 'status_str': '有效', 'work_type_str': None, 'gender_str': '保密', 'is_new': '1', 'constellation': '保密', 'age': '保密', 'user_img_arr': [], 'interests_str': '', 'user_info_over_rate': 0.1}, 'message': '成功'}
2020-08-11 15:36:33,187 - test_api.py[line:220] - INFO: code断言成功.
2020-08-11 15:36:33,187 - test_api.py[line:229] - INFO: 用户昵称检查成功
2020-08-11 15:36:33,191 - test_api.py[line:20] - INFO: =================================================================
2020-08-11 15:36:33,191 - test_api.py[line:21] - INFO: api接口测试场景：获取兴趣列表
2020-08-11 15:36:33,191 - test_api.py[line:22] - INFO: ===请求参数为：
2020-08-11 15:36:33,191 - test_api.py[line:23] - INFO: {'url': 'https://ggapi.qwdj.com/newapi/api/interest/getListByCon', 'parame': {}, 'Method': 'get', 'expect': 2000000}
2020-08-11 15:36:33,191 - test_api.py[line:24] - INFO: TOKEN的值：BE0B260EBBA637BE94EE569920A1CF8147F91DB40EFC6A22350ECA5C953C4742
2020-08-11 15:36:33,191 - test_api.py[line:25] - INFO: KEYS的值：7CEBEC695134CE4074499010EB0BFCEF47F91DB40EFC6A22350ECA5C953C4742
2020-08-11 15:36:33,192 - api_request.py[line:36] - INFO: 本次请求头：
2020-08-11 15:36:33,192 - api_request.py[line:37] - INFO: {'Authorization': 'Bear BE0B260EBBA637BE94EE569920A1CF8147F91DB40EFC6A22350ECA5C953C4742', 'clientKey': '7CEBEC695134CE4074499010EB0BFCEF47F91DB40EFC6A22350ECA5C953C4742', 'random': 'lS4MrOika2APdeTsWQUH2hJKIpuF0twR', 'lng': '116.397128', 'lat': '39.916527', 'mac': 'WzD7CeyJtrckqlg', 'deviceinfo': 'iOS 11.3', 'ip': '223.75.238.173', 'appversion': '1.0.2', 'apppt': '2', 'isNoEncryption': '1', 'channelId': '1'}
2020-08-11 15:36:33,338 - test_api.py[line:28] - INFO: 本次请求响应结果如下：
2020-08-11 15:36:33,338 - test_api.py[line:29] - INFO: {'result': True, 'code': 2000000, 'ret': [{'id': 1200026, 'name': 'K歌', 'created_at': '2020-06-17 16:42:31', 'status_str': '有效'}, {'id': 1200025, 'name': '健身', 'created_at': '2020-06-17 16:42:22', 'status_str': '有效'}, {'id': 1200024, 'name': '旅游', 'created_at': '2020-06-17 16:42:16', 'status_str': '有效'}, {'id': 1200023, 'name': '云顶之奕', 'created_at': '2020-06-17 16:41:59', 'status_str': '有效'}, {'id': 1200022, 'name': 'CS：GO', 'created_at': '2020-06-17 16:41:39', 'status_str': '有效'}, {'id': 1200021, 'name': '穿越火线', 'created_at': '2020-06-17 16:41:29', 'status_str': '有效'}, {'id': 1200020, 'name': '绝地求生', 'created_at': '2020-06-17 16:41:02', 'status_str': '有效'}, {'id': 1200019, 'name': '和平精英', 'created_at': '2020-06-17 16:40:53', 'status_str': '有效'}, {'id': 1200018, 'name': 'DOTA2', 'created_at': '2020-06-17 16:40:43', 'status_str': '有效'}, {'id': 1200017, 'name': '美食', 'created_at': '2020-06-17 16:40:35', 'status_str': '有效'}, {'id': 1200016, 'name': 'LOL', 'created_at': '2020-06-17 16:40:12', 'status_str': '有效'}, {'id': 1200015, 'name': '沙画', 'created_at': '2020-06-17 16:39:57', 'status_str': '有效'}, {'id': 1200014, 'name': '时尚', 'created_at': '2020-06-17 16:39:51', 'status_str': '有效'}, {'id': 1200013, 'name': 'PS', 'created_at': '2020-06-17 16:39:43', 'status_str': '有效'}, {'id': 1200012, 'name': '心理咨询', 'created_at': '2020-06-17 16:39:35', 'status_str': '有效'}, {'id': 1200011, 'name': '叫醒', 'created_at': '2020-06-17 16:37:39', 'status_str': '有效'}, {'id': 1200010, 'name': '斗地主', 'created_at': '2020-06-17 16:37:17', 'status_str': '有效'}, {'id': 1200009, 'name': 'Cosplay', 'created_at': '2020-06-17 16:36:59', 'status_str': '有效'}, {'id': 1200008, 'name': '桌游', 'created_at': '2020-06-17 16:36:50', 'status_str': '有效'}, {'id': 1200007, 'name': '视频', 'created_at': '2020-06-17 16:36:42', 'status_str': '有效'}, {'id': 1200006, 'name': '外语', 'created_at': '2020-06-17 16:36:31', 'status_str': '有效'}, {'id': 1200005, 'name': '手绘', 'created_at': '2020-06-17 16:34:14', 'status_str': '有效'}, {'id': 1200004, 'name': '声控', 'created_at': '2020-06-17 16:34:03', 'status_str': '有效'}, {'id': 100002, 'name': '电影', 'created_at': '2020-05-19 15:02:40', 'status_str': '有效'}, {'id': 100001, 'name': '王者荣耀', 'created_at': '2020-05-19 15:02:40', 'status_str': '有效'}, {'id': 100000, 'name': '星座', 'created_at': '2020-05-19 15:02:40', 'status_str': '有效'}], 'message': '成功'}
2020-08-11 15:36:33,339 - test_api.py[line:407] - INFO: code断言成功.
2020-08-11 15:36:33,339 - test_api.py[line:412] - INFO: 检查兴趣的个数
2020-08-11 15:36:33,340 - test_api.py[line:416] - INFO: 兴趣个数检查成功！共有 26 个兴趣
2020-08-11 15:36:33,344 - test_api.py[line:20] - INFO: =================================================================
2020-08-11 15:36:33,344 - test_api.py[line:21] - INFO: api接口测试场景：根据条件（页码）赛选获取兴趣列表
2020-08-11 15:36:33,345 - test_api.py[line:22] - INFO: ===请求参数为：
2020-08-11 15:36:33,345 - test_api.py[line:23] - INFO: {'url': 'https://ggapi.qwdj.com/newapi/api/interest/getListByCon', 'parame': {'page': '2'}, 'Method': 'get', 'expect': 2000000}
2020-08-11 15:36:33,345 - test_api.py[line:24] - INFO: TOKEN的值：BE0B260EBBA637BE94EE569920A1CF8147F91DB40EFC6A22350ECA5C953C4742
2020-08-11 15:36:33,345 - test_api.py[line:25] - INFO: KEYS的值：7CEBEC695134CE4074499010EB0BFCEF47F91DB40EFC6A22350ECA5C953C4742
2020-08-11 15:36:33,345 - api_request.py[line:36] - INFO: 本次请求头：
2020-08-11 15:36:33,346 - api_request.py[line:37] - INFO: {'Authorization': 'Bear BE0B260EBBA637BE94EE569920A1CF8147F91DB40EFC6A22350ECA5C953C4742', 'clientKey': '7CEBEC695134CE4074499010EB0BFCEF47F91DB40EFC6A22350ECA5C953C4742', 'random': 'voJBUhEu79OCIRMdlfNnHYTXKk2jLiW7', 'lng': '116.397128', 'lat': '39.916527', 'mac': 'iFMLQzZpxaI8myS', 'deviceinfo': 'iOS 11.3', 'ip': '223.75.238.173', 'appversion': '1.0.2', 'apppt': '2', 'isNoEncryption': '1', 'channelId': '1'}
2020-08-11 15:36:33,509 - test_api.py[line:28] - INFO: 本次请求响应结果如下：
2020-08-11 15:36:33,509 - test_api.py[line:29] - INFO: {'result': True, 'code': 2000000, 'ret': [{'id': 1200026, 'name': 'K歌', 'created_at': '2020-06-17 16:42:31', 'status_str': '有效'}, {'id': 1200025, 'name': '健身', 'created_at': '2020-06-17 16:42:22', 'status_str': '有效'}, {'id': 1200024, 'name': '旅游', 'created_at': '2020-06-17 16:42:16', 'status_str': '有效'}, {'id': 1200023, 'name': '云顶之奕', 'created_at': '2020-06-17 16:41:59', 'status_str': '有效'}, {'id': 1200022, 'name': 'CS：GO', 'created_at': '2020-06-17 16:41:39', 'status_str': '有效'}, {'id': 1200021, 'name': '穿越火线', 'created_at': '2020-06-17 16:41:29', 'status_str': '有效'}, {'id': 1200020, 'name': '绝地求生', 'created_at': '2020-06-17 16:41:02', 'status_str': '有效'}, {'id': 1200019, 'name': '和平精英', 'created_at': '2020-06-17 16:40:53', 'status_str': '有效'}, {'id': 1200018, 'name': 'DOTA2', 'created_at': '2020-06-17 16:40:43', 'status_str': '有效'}, {'id': 1200017, 'name': '美食', 'created_at': '2020-06-17 16:40:35', 'status_str': '有效'}, {'id': 1200016, 'name': 'LOL', 'created_at': '2020-06-17 16:40:12', 'status_str': '有效'}, {'id': 1200015, 'name': '沙画', 'created_at': '2020-06-17 16:39:57', 'status_str': '有效'}, {'id': 1200014, 'name': '时尚', 'created_at': '2020-06-17 16:39:51', 'status_str': '有效'}, {'id': 1200013, 'name': 'PS', 'created_at': '2020-06-17 16:39:43', 'status_str': '有效'}, {'id': 1200012, 'name': '心理咨询', 'created_at': '2020-06-17 16:39:35', 'status_str': '有效'}, {'id': 1200011, 'name': '叫醒', 'created_at': '2020-06-17 16:37:39', 'status_str': '有效'}, {'id': 1200010, 'name': '斗地主', 'created_at': '2020-06-17 16:37:17', 'status_str': '有效'}, {'id': 1200009, 'name': 'Cosplay', 'created_at': '2020-06-17 16:36:59', 'status_str': '有效'}, {'id': 1200008, 'name': '桌游', 'created_at': '2020-06-17 16:36:50', 'status_str': '有效'}, {'id': 1200007, 'name': '视频', 'created_at': '2020-06-17 16:36:42', 'status_str': '有效'}, {'id': 1200006, 'name': '外语', 'created_at': '2020-06-17 16:36:31', 'status_str': '有效'}, {'id': 1200005, 'name': '手绘', 'created_at': '2020-06-17 16:34:14', 'status_str': '有效'}, {'id': 1200004, 'name': '声控', 'created_at': '2020-06-17 16:34:03', 'status_str': '有效'}, {'id': 100002, 'name': '电影', 'created_at': '2020-05-19 15:02:40', 'status_str': '有效'}, {'id': 100001, 'name': '王者荣耀', 'created_at': '2020-05-19 15:02:40', 'status_str': '有效'}, {'id': 100000, 'name': '星座', 'created_at': '2020-05-19 15:02:40', 'status_str': '有效'}], 'message': '成功'}
2020-08-11 15:36:33,510 - test_api.py[line:429] - INFO: code断言成功.
2020-08-11 15:36:33,510 - test_api.py[line:434] - INFO: 检查兴趣的个数
2020-08-11 15:36:33,510 - test_api.py[line:438] - INFO: 兴趣个数检查成功！共有 26 个兴趣
