2020-08-11 16:26:45,273 - test_api.py[line:144] - INFO: 用例前置：将账号修改密码还原为'aaa111'
2020-08-11 16:26:45,274 - api_request.py[line:36] - INFO: 本次请求头：
2020-08-11 16:26:45,274 - api_request.py[line:37] - INFO: {'Authorization': 'Bear E0BFB7F8B55B7293F39C641D76790F75D25A34B9C2A87DB380ECD7F7115882EC', 'clientKey': 'D951406E0C41E664DBA079F6E0D066F9D25A34B9C2A87DB380ECD7F7115882EC', 'random': 'NlFnBdEHozV79YOPCy5jSGxIQ20Kgbma', 'lng': '116.397128', 'lat': '39.916527', 'mac': 'Ali94sBJU1zT4gY', 'deviceinfo': 'iOS 11.3', 'ip': '223.75.238.173', 'appversion': '1.0.2', 'apppt': '2', 'isNoEncryption': '1', 'channelId': '1'}
2020-08-11 16:26:45,453 - api_request.py[line:47] - INFO: post接口请求成功！
2020-08-11 16:26:45,453 - test_api.py[line:149] - INFO: 本次请求响应结果如下：
2020-08-11 16:26:45,453 - test_api.py[line:150] - INFO: {'result': True, 'code': 2000000, 'ret': None, 'message': '成功'}
2020-08-11 16:26:45,453 - test_api.py[line:19] - INFO: =================================================================
2020-08-11 16:26:45,453 - test_api.py[line:20] - INFO: api接口测试场景：手机号登录-正确场景
2020-08-11 16:26:45,453 - test_api.py[line:21] - INFO: ===请求参数为：
2020-08-11 16:26:45,453 - test_api.py[line:22] - INFO: {'url': 'https://ggapi.qwdj.com/newapi/api/user/login', 'parame': {'account_type': '1', 'phonenum': '13297025059', 'password': 'aaa111'}, 'Method': 'post', 'expect': 2000000}
2020-08-11 16:26:45,453 - test_api.py[line:23] - INFO: TOKEN的值：
2020-08-11 16:26:45,453 - test_api.py[line:24] - INFO: KEYS的值：
2020-08-11 16:26:45,454 - api_request.py[line:36] - INFO: 本次请求头：
2020-08-11 16:26:45,454 - api_request.py[line:37] - INFO: {'Authorization': 'Bear E0BFB7F8B55B7293F39C641D76790F75D25A34B9C2A87DB380ECD7F7115882EC', 'clientKey': 'D951406E0C41E664DBA079F6E0D066F9D25A34B9C2A87DB380ECD7F7115882EC', 'random': '2HrWKZB1C3xvJd61RNOVlEuc1mMXQgkD', 'lng': '116.397128', 'lat': '39.916527', 'mac': '2i8DO9FZQP2Yt6N', 'deviceinfo': 'iOS 11.3', 'ip': '223.75.238.173', 'appversion': '1.0.2', 'apppt': '2', 'isNoEncryption': '1', 'channelId': '1'}
2020-08-11 16:26:45,633 - api_request.py[line:47] - INFO: post接口请求成功！
2020-08-11 16:26:45,633 - test_api.py[line:27] - INFO: 本次请求响应结果如下：
2020-08-11 16:26:45,634 - test_api.py[line:28] - INFO: {'result': True, 'code': 2000000, 'ret': {'id': 18959573, 'uuid': 18959573, 'jpush_register_id': None, 'netease_im_token': '123456', 'nick_name': '更改昵称-毋', 'avatar': 'https://static.gg6.com.cn/up/default_avatar.png', 'bg_img': None, 'sign': None, 'phonenum': 'LaKjE5jenWpF88E1E5gTmw==', 'gender': 0, 'audio': None, 'audio_duration': 0, 'user_img': None, 'video': None, 'interest_ids': None, 'work_type': None, 'height': None, 'weight': '62.00', 'country': None, 'province': None, 'city': None, 'address': None, 'birthday': None, 'language': None, 'p_user_id': None, 'is_system': 0, 'vip_exp': '0.00', 'vip_level_id': None, 'noble_exp': '0.00', 'noble_level_id': None, 'channel_id': 1, 'last_online_at': None, 'is_open_push': 0, 'mac': None, 'user_last_login_appid': 1, 'created_at': '2020-08-07 17:52:19', 'account_type': '1', 'status_str': '有效', 'work_type_str': None, 'gender_str': '保密', 'is_new': '1', 'constellation': '保密', 'age': '保密', 'user_img_arr': ['https://static.gg6.com.cn/up/default_user_img.png'], 'token': 'BE0B260EBBA637BE94EE569920A1CF8147F91DB40EFC6A22350ECA5C953C4742', 'key': '7CEBEC695134CE4074499010EB0BFCEF47F91DB40EFC6A22350ECA5C953C4742', 'secret': '5268AA2A3E5D25F2', 'mount': None, 'avatar_frame': None, 'seat_frame': None, 'medal': None, 'join_effect': None, 'vip_level': None, 'noble_level': None, 'is_player': 0}, 'message': '成功'}
2020-08-11 16:26:45,634 - test_api.py[line:155] - INFO: code断言成功.
2020-08-11 16:26:45,643 - test_api.py[line:19] - INFO: =================================================================
2020-08-11 16:26:45,643 - test_api.py[line:20] - INFO: api接口测试场景：更新个人信息
2020-08-11 16:26:45,643 - test_api.py[line:21] - INFO: ===请求参数为：
2020-08-11 16:26:45,644 - test_api.py[line:22] - INFO: {'url': 'https://ggapi.qwdj.com/newapi/api/user/updateBySelf', 'parame': {'nick_name': '更改昵称-四', 'weight': '62'}, 'Method': 'post', 'expect': 2000000, 'expect_name': '更改昵称-四'}
2020-08-11 16:26:45,644 - test_api.py[line:23] - INFO: TOKEN的值：BE0B260EBBA637BE94EE569920A1CF8147F91DB40EFC6A22350ECA5C953C4742
2020-08-11 16:26:45,644 - test_api.py[line:24] - INFO: KEYS的值：7CEBEC695134CE4074499010EB0BFCEF47F91DB40EFC6A22350ECA5C953C4742
2020-08-11 16:26:45,645 - api_request.py[line:36] - INFO: 本次请求头：
2020-08-11 16:26:45,645 - api_request.py[line:37] - INFO: {'Authorization': 'Bear BE0B260EBBA637BE94EE569920A1CF8147F91DB40EFC6A22350ECA5C953C4742', 'clientKey': '7CEBEC695134CE4074499010EB0BFCEF47F91DB40EFC6A22350ECA5C953C4742', 'random': 'NetKqv9IBWVDjAhMaC2R1TgsO1p58FiL', 'lng': '116.397128', 'lat': '39.916527', 'mac': 'GxkRc5CYVgAUDzl', 'deviceinfo': 'iOS 11.3', 'ip': '223.75.238.173', 'appversion': '1.0.2', 'apppt': '2', 'isNoEncryption': '1', 'channelId': '1'}
2020-08-11 16:26:45,923 - api_request.py[line:47] - INFO: post接口请求成功！
2020-08-11 16:26:45,924 - test_api.py[line:27] - INFO: 本次请求响应结果如下：
2020-08-11 16:26:45,924 - test_api.py[line:28] - INFO: {'result': True, 'code': 2000000, 'ret': {'id': 18959573, 'uuid': 18959573, 'jpush_register_id': None, 'netease_im_token': '123456', 'nick_name': '更改昵称-四', 'avatar': 'https://static.gg6.com.cn/up/default_avatar.png', 'bg_img': None, 'sign': None, 'phonenum': '13297025059', 'gender': 0, 'audio': None, 'audio_duration': 0, 'user_img': None, 'video': None, 'interest_ids': None, 'work_type': None, 'height': None, 'weight': '62', 'country': None, 'province': None, 'city': None, 'address': None, 'birthday': None, 'language': None, 'p_user_id': None, 'is_system': 0, 'vip_exp': '0.00', 'vip_level_id': None, 'noble_exp': '0.00', 'noble_level_id': None, 'channel_id': 1, 'last_online_at': None, 'is_open_push': 0, 'mac': None, 'user_last_login_appid': 1, 'created_at': '2020-08-07 17:52:19', 'status_str': '有效', 'work_type_str': None, 'gender_str': '保密', 'is_new': '1', 'constellation': '保密', 'age': '保密', 'user_img_arr': [], 'interests_str': '', 'user_info_over_rate': 0.1}, 'message': '成功'}
2020-08-11 16:26:45,924 - test_api.py[line:219] - INFO: code断言成功.
2020-08-11 16:26:45,924 - test_api.py[line:228] - INFO: 用户昵称检查成功
2020-08-11 16:26:45,928 - test_api.py[line:558] - INFO: 获取用户是否绑定appleId的状态。。。
2020-08-11 16:26:45,928 - test_api.py[line:19] - INFO: =================================================================
2020-08-11 16:26:45,928 - test_api.py[line:20] - INFO: api接口测试场景：绑定/取消第三方账号（appleId）
2020-08-11 16:26:45,928 - test_api.py[line:21] - INFO: ===请求参数为：
2020-08-11 16:26:45,929 - test_api.py[line:22] - INFO: {'url': 'https://ggapi.qwdj.com/newapi/api/user/isExistBindThirdLogin', 'parame': {'phonenum': '13297025059', 'account_type': '7'}, 'Method': 'get', 'expect': 2000000}
2020-08-11 16:26:45,929 - test_api.py[line:23] - INFO: TOKEN的值：BE0B260EBBA637BE94EE569920A1CF8147F91DB40EFC6A22350ECA5C953C4742
2020-08-11 16:26:45,929 - test_api.py[line:24] - INFO: KEYS的值：7CEBEC695134CE4074499010EB0BFCEF47F91DB40EFC6A22350ECA5C953C4742
2020-08-11 16:26:45,929 - api_request.py[line:36] - INFO: 本次请求头：
2020-08-11 16:26:45,929 - api_request.py[line:37] - INFO: {'Authorization': 'Bear BE0B260EBBA637BE94EE569920A1CF8147F91DB40EFC6A22350ECA5C953C4742', 'clientKey': '7CEBEC695134CE4074499010EB0BFCEF47F91DB40EFC6A22350ECA5C953C4742', 'random': 'ymPNI8nph3bjDsO3g7LEWX7ZaUzBVQYR', 'lng': '116.397128', 'lat': '39.916527', 'mac': 'SAXVHQPKNgs9Mfi', 'deviceinfo': 'iOS 11.3', 'ip': '223.75.238.173', 'appversion': '1.0.2', 'apppt': '2', 'isNoEncryption': '1', 'channelId': '1'}
2020-08-11 16:26:46,074 - test_api.py[line:27] - INFO: 本次请求响应结果如下：
2020-08-11 16:26:46,074 - test_api.py[line:28] - INFO: {'result': True, 'code': 2000000, 'ret': {'is_exist': '0'}, 'message': '成功'}
2020-08-11 16:26:46,075 - test_api.py[line:563] - INFO: code断言成功.
2020-08-11 16:26:46,075 - test_api.py[line:568] - INFO: 通过状态对用户进行绑定/解绑appleId操作
2020-08-11 16:26:46,075 - test_api.py[line:570] - INFO: 当前账号还没有绑定appleId，接下来进行绑定操作。。
2020-08-11 16:26:46,075 - test_api.py[line:19] - INFO: =================================================================
2020-08-11 16:26:46,075 - test_api.py[line:20] - INFO: api接口测试场景：绑定/取消第三方账号（appleId）
2020-08-11 16:26:46,075 - test_api.py[line:21] - INFO: ===请求参数为：
2020-08-11 16:26:46,075 - test_api.py[line:22] - INFO: {'url': 'https://ggapi.qwdj.com/newapi/api/user/setBindThirdLogin', 'parame': {'account_type': '7', 'open_id': '1324521521@qq.com'}, 'Method': 'post', 'expect': 2000000}
2020-08-11 16:26:46,075 - test_api.py[line:23] - INFO: TOKEN的值：BE0B260EBBA637BE94EE569920A1CF8147F91DB40EFC6A22350ECA5C953C4742
2020-08-11 16:26:46,075 - test_api.py[line:24] - INFO: KEYS的值：7CEBEC695134CE4074499010EB0BFCEF47F91DB40EFC6A22350ECA5C953C4742
2020-08-11 16:26:46,075 - api_request.py[line:36] - INFO: 本次请求头：
2020-08-11 16:26:46,076 - api_request.py[line:37] - INFO: {'Authorization': 'Bear BE0B260EBBA637BE94EE569920A1CF8147F91DB40EFC6A22350ECA5C953C4742', 'clientKey': '7CEBEC695134CE4074499010EB0BFCEF47F91DB40EFC6A22350ECA5C953C4742', 'random': 'NkbeSGm2qDrfBjXwzpTR3vh81unFKPdC', 'lng': '116.397128', 'lat': '39.916527', 'mac': '4AZkEz2epvQiHcB', 'deviceinfo': 'iOS 11.3', 'ip': '223.75.238.173', 'appversion': '1.0.2', 'apppt': '2', 'isNoEncryption': '1', 'channelId': '1'}
2020-08-11 16:26:46,229 - api_request.py[line:47] - INFO: post接口请求成功！
2020-08-11 16:26:46,229 - test_api.py[line:27] - INFO: 本次请求响应结果如下：
2020-08-11 16:26:46,229 - test_api.py[line:28] - INFO: {'result': True, 'code': 2000000, 'ret': None, 'message': '成功'}
2020-08-11 16:26:46,229 - test_api.py[line:575] - INFO: code断言成功.
2020-08-11 16:26:46,229 - test_api.py[line:580] - INFO: 绑定appleId后再次获取状态。。。
2020-08-11 16:26:46,229 - test_api.py[line:19] - INFO: =================================================================
2020-08-11 16:26:46,229 - test_api.py[line:20] - INFO: api接口测试场景：绑定/取消第三方账号（appleId）
2020-08-11 16:26:46,229 - test_api.py[line:21] - INFO: ===请求参数为：
2020-08-11 16:26:46,230 - test_api.py[line:22] - INFO: {'url': 'https://ggapi.qwdj.com/newapi/api/user/isExistBindThirdLogin', 'parame': {'phonenum': '13297025059', 'account_type': '7'}, 'Method': 'get', 'expect': 2000000}
2020-08-11 16:26:46,230 - test_api.py[line:23] - INFO: TOKEN的值：BE0B260EBBA637BE94EE569920A1CF8147F91DB40EFC6A22350ECA5C953C4742
2020-08-11 16:26:46,230 - test_api.py[line:24] - INFO: KEYS的值：7CEBEC695134CE4074499010EB0BFCEF47F91DB40EFC6A22350ECA5C953C4742
2020-08-11 16:26:46,230 - api_request.py[line:36] - INFO: 本次请求头：
2020-08-11 16:26:46,230 - api_request.py[line:37] - INFO: {'Authorization': 'Bear BE0B260EBBA637BE94EE569920A1CF8147F91DB40EFC6A22350ECA5C953C4742', 'clientKey': '7CEBEC695134CE4074499010EB0BFCEF47F91DB40EFC6A22350ECA5C953C4742', 'random': 'HheVKXA2aPwbZSiCFxQ0fODtBqMT7kz7', 'lng': '116.397128', 'lat': '39.916527', 'mac': 'A99zXVGZslI7q1L', 'deviceinfo': 'iOS 11.3', 'ip': '223.75.238.173', 'appversion': '1.0.2', 'apppt': '2', 'isNoEncryption': '1', 'channelId': '1'}
2020-08-11 16:26:46,366 - test_api.py[line:27] - INFO: 本次请求响应结果如下：
2020-08-11 16:26:46,366 - test_api.py[line:28] - INFO: {'result': True, 'code': 2000000, 'ret': {'is_exist': '1'}, 'message': '成功'}
2020-08-11 16:26:46,366 - test_api.py[line:585] - INFO: 绑定成功，状态为'1'
2020-08-11 16:26:56,914 - test_api.py[line:144] - INFO: 用例前置：将账号修改密码还原为'aaa111'
2020-08-11 16:26:56,914 - api_request.py[line:36] - INFO: 本次请求头：
2020-08-11 16:26:56,914 - api_request.py[line:37] - INFO: {'Authorization': 'Bear E0BFB7F8B55B7293F39C641D76790F75D25A34B9C2A87DB380ECD7F7115882EC', 'clientKey': 'D951406E0C41E664DBA079F6E0D066F9D25A34B9C2A87DB380ECD7F7115882EC', 'random': 'TglPu3dY8Nxybzr6CfsGhOQB8tJFADX5', 'lng': '116.397128', 'lat': '39.916527', 'mac': 'RqGuwDyVztoMHaL', 'deviceinfo': 'iOS 11.3', 'ip': '223.75.238.173', 'appversion': '1.0.2', 'apppt': '2', 'isNoEncryption': '1', 'channelId': '1'}
2020-08-11 16:26:57,383 - api_request.py[line:47] - INFO: post接口请求成功！
2020-08-11 16:26:57,383 - test_api.py[line:149] - INFO: 本次请求响应结果如下：
2020-08-11 16:26:57,384 - test_api.py[line:150] - INFO: {'result': True, 'code': 2000000, 'ret': None, 'message': '成功'}
2020-08-11 16:26:57,384 - test_api.py[line:19] - INFO: =================================================================
2020-08-11 16:26:57,384 - test_api.py[line:20] - INFO: api接口测试场景：手机号登录-正确场景
2020-08-11 16:26:57,384 - test_api.py[line:21] - INFO: ===请求参数为：
2020-08-11 16:26:57,384 - test_api.py[line:22] - INFO: {'url': 'https://ggapi.qwdj.com/newapi/api/user/login', 'parame': {'account_type': '1', 'phonenum': '13297025059', 'password': 'aaa111'}, 'Method': 'post', 'expect': 2000000}
2020-08-11 16:26:57,385 - test_api.py[line:23] - INFO: TOKEN的值：
2020-08-11 16:26:57,385 - test_api.py[line:24] - INFO: KEYS的值：
2020-08-11 16:26:57,385 - api_request.py[line:36] - INFO: 本次请求头：
2020-08-11 16:26:57,385 - api_request.py[line:37] - INFO: {'Authorization': 'Bear E0BFB7F8B55B7293F39C641D76790F75D25A34B9C2A87DB380ECD7F7115882EC', 'clientKey': 'D951406E0C41E664DBA079F6E0D066F9D25A34B9C2A87DB380ECD7F7115882EC', 'random': 'gvEsTFOx8Cp3b3XAPjB6ulkiZRGarneM', 'lng': '116.397128', 'lat': '39.916527', 'mac': 'YMyfvJ8G7E7Xrjx', 'deviceinfo': 'iOS 11.3', 'ip': '223.75.238.173', 'appversion': '1.0.2', 'apppt': '2', 'isNoEncryption': '1', 'channelId': '1'}
2020-08-11 16:26:57,585 - api_request.py[line:47] - INFO: post接口请求成功！
2020-08-11 16:26:57,586 - test_api.py[line:27] - INFO: 本次请求响应结果如下：
2020-08-11 16:26:57,586 - test_api.py[line:28] - INFO: {'result': True, 'code': 2000000, 'ret': {'id': 18959573, 'uuid': 18959573, 'jpush_register_id': None, 'netease_im_token': '123456', 'nick_name': '更改昵称-四', 'avatar': 'https://static.gg6.com.cn/up/default_avatar.png', 'bg_img': None, 'sign': None, 'phonenum': 'LaKjE5jenWpF88E1E5gTmw==', 'gender': 0, 'audio': None, 'audio_duration': 0, 'user_img': None, 'video': None, 'interest_ids': None, 'work_type': None, 'height': None, 'weight': '62.00', 'country': None, 'province': None, 'city': None, 'address': None, 'birthday': None, 'language': None, 'p_user_id': None, 'is_system': 0, 'vip_exp': '0.00', 'vip_level_id': None, 'noble_exp': '0.00', 'noble_level_id': None, 'channel_id': 1, 'last_online_at': None, 'is_open_push': 0, 'mac': None, 'user_last_login_appid': 1, 'created_at': '2020-08-07 17:52:19', 'account_type': '1', 'status_str': '有效', 'work_type_str': None, 'gender_str': '保密', 'is_new': '1', 'constellation': '保密', 'age': '保密', 'user_img_arr': ['https://static.gg6.com.cn/up/default_user_img.png'], 'token': 'BE0B260EBBA637BE94EE569920A1CF8147F91DB40EFC6A22350ECA5C953C4742', 'key': '7CEBEC695134CE4074499010EB0BFCEF47F91DB40EFC6A22350ECA5C953C4742', 'secret': '5268AA2A3E5D25F2', 'mount': None, 'avatar_frame': None, 'seat_frame': None, 'medal': None, 'join_effect': None, 'vip_level': None, 'noble_level': None, 'is_player': 0}, 'message': '成功'}
2020-08-11 16:26:57,586 - test_api.py[line:155] - INFO: code断言成功.
2020-08-11 16:26:57,593 - test_api.py[line:19] - INFO: =================================================================
2020-08-11 16:26:57,593 - test_api.py[line:20] - INFO: api接口测试场景：更新个人信息
2020-08-11 16:26:57,593 - test_api.py[line:21] - INFO: ===请求参数为：
2020-08-11 16:26:57,593 - test_api.py[line:22] - INFO: {'url': 'https://ggapi.qwdj.com/newapi/api/user/updateBySelf', 'parame': {'nick_name': '更改昵称-鑹', 'weight': '62'}, 'Method': 'post', 'expect': 2000000, 'expect_name': '更改昵称-鑹'}
2020-08-11 16:26:57,594 - test_api.py[line:23] - INFO: TOKEN的值：BE0B260EBBA637BE94EE569920A1CF8147F91DB40EFC6A22350ECA5C953C4742
2020-08-11 16:26:57,594 - test_api.py[line:24] - INFO: KEYS的值：7CEBEC695134CE4074499010EB0BFCEF47F91DB40EFC6A22350ECA5C953C4742
2020-08-11 16:26:57,594 - api_request.py[line:36] - INFO: 本次请求头：
2020-08-11 16:26:57,594 - api_request.py[line:37] - INFO: {'Authorization': 'Bear BE0B260EBBA637BE94EE569920A1CF8147F91DB40EFC6A22350ECA5C953C4742', 'clientKey': '7CEBEC695134CE4074499010EB0BFCEF47F91DB40EFC6A22350ECA5C953C4742', 'random': 'Srxzu1PCYHc3Ljagmt1JWNnDblq9eUZV', 'lng': '116.397128', 'lat': '39.916527', 'mac': 'eXPuCKcAOyvZVzx', 'deviceinfo': 'iOS 11.3', 'ip': '223.75.238.173', 'appversion': '1.0.2', 'apppt': '2', 'isNoEncryption': '1', 'channelId': '1'}
2020-08-11 16:26:57,843 - api_request.py[line:47] - INFO: post接口请求成功！
2020-08-11 16:26:57,844 - test_api.py[line:27] - INFO: 本次请求响应结果如下：
2020-08-11 16:26:57,844 - test_api.py[line:28] - INFO: {'result': True, 'code': 2000000, 'ret': {'id': 18959573, 'uuid': 18959573, 'jpush_register_id': None, 'netease_im_token': '123456', 'nick_name': '更改昵称-鑹', 'avatar': 'https://static.gg6.com.cn/up/default_avatar.png', 'bg_img': None, 'sign': None, 'phonenum': '13297025059', 'gender': 0, 'audio': None, 'audio_duration': 0, 'user_img': None, 'video': None, 'interest_ids': None, 'work_type': None, 'height': None, 'weight': '62', 'country': None, 'province': None, 'city': None, 'address': None, 'birthday': None, 'language': None, 'p_user_id': None, 'is_system': 0, 'vip_exp': '0.00', 'vip_level_id': None, 'noble_exp': '0.00', 'noble_level_id': None, 'channel_id': 1, 'last_online_at': None, 'is_open_push': 0, 'mac': None, 'user_last_login_appid': 1, 'created_at': '2020-08-07 17:52:19', 'status_str': '有效', 'work_type_str': None, 'gender_str': '保密', 'is_new': '1', 'constellation': '保密', 'age': '保密', 'user_img_arr': [], 'interests_str': '', 'user_info_over_rate': 0.1}, 'message': '成功'}
2020-08-11 16:26:57,844 - test_api.py[line:219] - INFO: code断言成功.
2020-08-11 16:26:57,844 - test_api.py[line:228] - INFO: 用户昵称检查成功
2020-08-11 16:26:57,848 - test_api.py[line:558] - INFO: 获取用户是否绑定appleId的状态。。。
2020-08-11 16:26:57,849 - test_api.py[line:19] - INFO: =================================================================
2020-08-11 16:26:57,849 - test_api.py[line:20] - INFO: api接口测试场景：绑定/取消第三方账号（appleId）
2020-08-11 16:26:57,849 - test_api.py[line:21] - INFO: ===请求参数为：
2020-08-11 16:26:57,849 - test_api.py[line:22] - INFO: {'url': 'https://ggapi.qwdj.com/newapi/api/user/isExistBindThirdLogin', 'parame': {'phonenum': '13297025059', 'account_type': '7'}, 'Method': 'get', 'expect': 2000000}
2020-08-11 16:26:57,849 - test_api.py[line:23] - INFO: TOKEN的值：BE0B260EBBA637BE94EE569920A1CF8147F91DB40EFC6A22350ECA5C953C4742
2020-08-11 16:26:57,849 - test_api.py[line:24] - INFO: KEYS的值：7CEBEC695134CE4074499010EB0BFCEF47F91DB40EFC6A22350ECA5C953C4742
2020-08-11 16:26:57,850 - api_request.py[line:36] - INFO: 本次请求头：
2020-08-11 16:26:57,850 - api_request.py[line:37] - INFO: {'Authorization': 'Bear BE0B260EBBA637BE94EE569920A1CF8147F91DB40EFC6A22350ECA5C953C4742', 'clientKey': '7CEBEC695134CE4074499010EB0BFCEF47F91DB40EFC6A22350ECA5C953C4742', 'random': 'BuOhyS5ntZWx1AaNvJPRcpICq8YQi1mk', 'lng': '116.397128', 'lat': '39.916527', 'mac': 'HnKPupE7tjxVdch', 'deviceinfo': 'iOS 11.3', 'ip': '223.75.238.173', 'appversion': '1.0.2', 'apppt': '2', 'isNoEncryption': '1', 'channelId': '1'}
2020-08-11 16:26:58,001 - test_api.py[line:27] - INFO: 本次请求响应结果如下：
2020-08-11 16:26:58,001 - test_api.py[line:28] - INFO: {'result': True, 'code': 2000000, 'ret': {'is_exist': '1'}, 'message': '成功'}
2020-08-11 16:26:58,002 - test_api.py[line:563] - INFO: code断言成功.
2020-08-11 16:26:58,002 - test_api.py[line:568] - INFO: 通过状态对用户进行绑定/解绑appleId操作
2020-08-11 16:26:58,002 - test_api.py[line:590] - INFO: 当前账号已绑定appleId，接下来进行解绑。。
2020-08-11 16:26:58,002 - test_api.py[line:19] - INFO: =================================================================
2020-08-11 16:26:58,002 - test_api.py[line:20] - INFO: api接口测试场景：绑定/取消第三方账号（appleId）
2020-08-11 16:26:58,002 - test_api.py[line:21] - INFO: ===请求参数为：
2020-08-11 16:26:58,003 - test_api.py[line:22] - INFO: {'url': 'https://ggapi.qwdj.com/newapi/api/user/cancelBindThirdLogin', 'parame': {'account_type': '7'}, 'Method': 'post', 'expect': 2000000}
2020-08-11 16:26:58,003 - test_api.py[line:23] - INFO: TOKEN的值：BE0B260EBBA637BE94EE569920A1CF8147F91DB40EFC6A22350ECA5C953C4742
2020-08-11 16:26:58,003 - test_api.py[line:24] - INFO: KEYS的值：7CEBEC695134CE4074499010EB0BFCEF47F91DB40EFC6A22350ECA5C953C4742
2020-08-11 16:26:58,003 - api_request.py[line:36] - INFO: 本次请求头：
2020-08-11 16:26:58,003 - api_request.py[line:37] - INFO: {'Authorization': 'Bear BE0B260EBBA637BE94EE569920A1CF8147F91DB40EFC6A22350ECA5C953C4742', 'clientKey': '7CEBEC695134CE4074499010EB0BFCEF47F91DB40EFC6A22350ECA5C953C4742', 'random': 'fQhv8gIneJOXLdSrUPEcukVyxtA1Ci3T', 'lng': '116.397128', 'lat': '39.916527', 'mac': 'NDUuEpvTFClSG39', 'deviceinfo': 'iOS 11.3', 'ip': '223.75.238.173', 'appversion': '1.0.2', 'apppt': '2', 'isNoEncryption': '1', 'channelId': '1'}
2020-08-11 16:26:58,168 - api_request.py[line:47] - INFO: post接口请求成功！
2020-08-11 16:26:58,168 - test_api.py[line:27] - INFO: 本次请求响应结果如下：
2020-08-11 16:26:58,169 - test_api.py[line:28] - INFO: {'result': True, 'code': 2000000, 'ret': {'token': 'BE0B260EBBA637BE94EE569920A1CF8147F91DB40EFC6A22350ECA5C953C4742', 'key': '7CEBEC695134CE4074499010EB0BFCEF47F91DB40EFC6A22350ECA5C953C4742', 'secret': '5268AA2A3E5D25F2'}, 'message': '成功'}
2020-08-11 16:26:58,169 - test_api.py[line:595] - INFO: code断言成功.
2020-08-11 16:26:58,169 - test_api.py[line:600] - INFO: 解绑appleId后再次获取状态。。。
2020-08-11 16:26:58,169 - test_api.py[line:19] - INFO: =================================================================
2020-08-11 16:26:58,169 - test_api.py[line:20] - INFO: api接口测试场景：绑定/取消第三方账号（appleId）
2020-08-11 16:26:58,169 - test_api.py[line:21] - INFO: ===请求参数为：
2020-08-11 16:26:58,170 - test_api.py[line:22] - INFO: {'url': 'https://ggapi.qwdj.com/newapi/api/user/isExistBindThirdLogin', 'parame': {'phonenum': '13297025059', 'account_type': '7'}, 'Method': 'get', 'expect': 2000000}
2020-08-11 16:26:58,170 - test_api.py[line:23] - INFO: TOKEN的值：BE0B260EBBA637BE94EE569920A1CF8147F91DB40EFC6A22350ECA5C953C4742
2020-08-11 16:26:58,170 - test_api.py[line:24] - INFO: KEYS的值：7CEBEC695134CE4074499010EB0BFCEF47F91DB40EFC6A22350ECA5C953C4742
2020-08-11 16:26:58,170 - api_request.py[line:36] - INFO: 本次请求头：
2020-08-11 16:26:58,170 - api_request.py[line:37] - INFO: {'Authorization': 'Bear BE0B260EBBA637BE94EE569920A1CF8147F91DB40EFC6A22350ECA5C953C4742', 'clientKey': '7CEBEC695134CE4074499010EB0BFCEF47F91DB40EFC6A22350ECA5C953C4742', 'random': 'OFhWCpj6vrwyeTxdcEnaNP3fgq3V1S14', 'lng': '116.397128', 'lat': '39.916527', 'mac': 'qbD522rQLzCvhVX', 'deviceinfo': 'iOS 11.3', 'ip': '223.75.238.173', 'appversion': '1.0.2', 'apppt': '2', 'isNoEncryption': '1', 'channelId': '1'}
2020-08-11 16:26:58,316 - test_api.py[line:27] - INFO: 本次请求响应结果如下：
2020-08-11 16:26:58,316 - test_api.py[line:28] - INFO: {'result': True, 'code': 2000000, 'ret': {'is_exist': '0'}, 'message': '成功'}
2020-08-11 16:26:58,317 - test_api.py[line:605] - INFO: 解绑成功，状态为'0'
