2020-08-11 11:12:17,508 - test_api.py[line:141] - INFO: 用例前置：将账号修改密码还原为'aaa111'
2020-08-11 11:12:17,509 - api_request.py[line:36] - INFO: 本次请求头：
2020-08-11 11:12:17,509 - api_request.py[line:37] - INFO: {'Authorization': 'Bear E0BFB7F8B55B7293F39C641D76790F75D25A34B9C2A87DB380ECD7F7115882EC', 'clientKey': 'D951406E0C41E664DBA079F6E0D066F9D25A34B9C2A87DB380ECD7F7115882EC', 'random': 'NRbgyCZYixfWUkMG1wO4z3KBhF68oTEj', 'lng': '116.397128', 'lat': '39.916527', 'mac': 'qRIPJc2DCgKQXnM', 'deviceinfo': 'iOS 11.3', 'ip': '223.75.238.173', 'appversion': '1.0.2', 'apppt': '2', 'isNoEncryption': '1', 'channelId': '1'}
2020-08-11 11:12:17,915 - api_request.py[line:47] - INFO: post接口请求成功！
2020-08-11 11:12:17,915 - test_api.py[line:147] - INFO: 本次请求响应结果如下：
2020-08-11 11:12:17,915 - test_api.py[line:148] - INFO: {'result': True, 'code': 2000000, 'ret': None, 'message': '成功'}
2020-08-11 11:12:17,915 - test_api.py[line:17] - INFO: api接口测试场景：手机号登录-正确场景
2020-08-11 11:12:17,915 - test_api.py[line:18] - INFO: ===请求参数为：
2020-08-11 11:12:17,915 - test_api.py[line:19] - INFO: {'url': 'https://ggapi.qwdj.com/newapi/api/user/login', 'parame': {'account_type': '1', 'phonenum': '13297025059', 'password': 'aaa111'}, 'Method': 'post', 'expect': 2000000}
2020-08-11 11:12:17,916 - test_api.py[line:20] - INFO: TOKEN的值：
2020-08-11 11:12:17,916 - test_api.py[line:21] - INFO: KEYS的值：
2020-08-11 11:12:17,916 - api_request.py[line:36] - INFO: 本次请求头：
2020-08-11 11:12:17,916 - api_request.py[line:37] - INFO: {'Authorization': 'Bear E0BFB7F8B55B7293F39C641D76790F75D25A34B9C2A87DB380ECD7F7115882EC', 'clientKey': 'D951406E0C41E664DBA079F6E0D066F9D25A34B9C2A87DB380ECD7F7115882EC', 'random': 'lNsvzMTdrKuOfEL6k9JnoGhFi6ZpctPY', 'lng': '116.397128', 'lat': '39.916527', 'mac': 'tiNRgaKFfZhOHBI', 'deviceinfo': 'iOS 11.3', 'ip': '223.75.238.173', 'appversion': '1.0.2', 'apppt': '2', 'isNoEncryption': '1', 'channelId': '1'}
2020-08-11 11:12:18,099 - api_request.py[line:47] - INFO: post接口请求成功！
2020-08-11 11:12:18,099 - test_api.py[line:24] - INFO: 本次请求响应结果如下：
2020-08-11 11:12:18,100 - test_api.py[line:25] - INFO: {'result': True, 'code': 2000000, 'ret': {'id': 18959573, 'uuid': 18959573, 'jpush_register_id': None, 'netease_im_token': '123456', 'nick_name': '脚本测试', 'avatar': 'https://static.gg6.com.cn/up/default_avatar.png', 'bg_img': None, 'sign': None, 'phonenum': 'LaKjE5jenWpF88E1E5gTmw==', 'gender': 0, 'audio': None, 'audio_duration': 0, 'user_img': None, 'video': None, 'interest_ids': None, 'work_type': None, 'height': None, 'weight': '62.00', 'country': None, 'province': None, 'city': None, 'address': None, 'birthday': None, 'language': None, 'p_user_id': None, 'is_system': 0, 'vip_exp': '0.00', 'vip_level_id': None, 'noble_exp': '0.00', 'noble_level_id': None, 'channel_id': 1, 'last_online_at': None, 'is_open_push': 0, 'mac': None, 'user_last_login_appid': 1, 'created_at': '2020-08-07 17:52:19', 'account_type': '1', 'status_str': '有效', 'work_type_str': None, 'gender_str': '保密', 'is_new': '1', 'constellation': '保密', 'age': '保密', 'user_img_arr': ['https://static.gg6.com.cn/up/default_user_img.png'], 'token': 'BE0B260EBBA637BE94EE569920A1CF8147F91DB40EFC6A22350ECA5C953C4742', 'key': '7CEBEC695134CE4074499010EB0BFCEF47F91DB40EFC6A22350ECA5C953C4742', 'secret': '5268AA2A3E5D25F2', 'mount': None, 'avatar_frame': None, 'seat_frame': None, 'medal': None, 'join_effect': None, 'vip_level': None, 'noble_level': None, 'is_player': 0}, 'message': '成功'}
2020-08-11 11:12:18,100 - test_api.py[line:153] - INFO: code断言成功.
2020-08-11 11:12:18,109 - test_api.py[line:17] - INFO: api接口测试场景：获取个人信息
2020-08-11 11:12:18,109 - test_api.py[line:18] - INFO: ===请求参数为：
2020-08-11 11:12:18,109 - test_api.py[line:19] - INFO: {'url': 'https://ggapi.qwdj.com/newapi/api/user/getSelfInfo', 'parame': {}, 'Method': 'get', 'expect': 2000000}
2020-08-11 11:12:18,110 - test_api.py[line:20] - INFO: TOKEN的值：BE0B260EBBA637BE94EE569920A1CF8147F91DB40EFC6A22350ECA5C953C4742
2020-08-11 11:12:18,110 - test_api.py[line:21] - INFO: KEYS的值：7CEBEC695134CE4074499010EB0BFCEF47F91DB40EFC6A22350ECA5C953C4742
2020-08-11 11:12:18,110 - api_request.py[line:36] - INFO: 本次请求头：
2020-08-11 11:12:18,110 - api_request.py[line:37] - INFO: {'Authorization': 'Bear BE0B260EBBA637BE94EE569920A1CF8147F91DB40EFC6A22350ECA5C953C4742', 'clientKey': '7CEBEC695134CE4074499010EB0BFCEF47F91DB40EFC6A22350ECA5C953C4742', 'random': 'o9QtfZCIiwed0DaVq63FuYbgKmTRl5Np', 'lng': '116.397128', 'lat': '39.916527', 'mac': 'iALbyzNaWFuUHKt', 'deviceinfo': 'iOS 11.3', 'ip': '223.75.238.173', 'appversion': '1.0.2', 'apppt': '2', 'isNoEncryption': '1', 'channelId': '1'}
2020-08-11 11:12:18,266 - test_api.py[line:24] - INFO: 本次请求响应结果如下：
2020-08-11 11:12:18,266 - test_api.py[line:25] - INFO: {'result': True, 'code': 2000000, 'ret': {'id': 18959573, 'uuid': 18959573, 'jpush_register_id': None, 'netease_im_token': '123456', 'nick_name': '脚本测试', 'avatar': 'https://static.gg6.com.cn/up/default_avatar.png', 'bg_img': None, 'sign': None, 'phonenum': '13297025059', 'gender': 0, 'audio': None, 'audio_duration': 0, 'user_img': None, 'video': None, 'interest_ids': None, 'work_type': None, 'height': None, 'weight': '62.00', 'country': None, 'province': None, 'city': None, 'address': None, 'birthday': None, 'language': None, 'p_user_id': None, 'is_system': 0, 'vip_exp': '0.00', 'vip_level_id': None, 'noble_exp': '0.00', 'noble_level_id': None, 'channel_id': 1, 'last_online_at': None, 'is_open_push': 0, 'mac': None, 'user_last_login_appid': 1, 'seq': 99, 'status': 1, 'created_at': '2020-08-07 17:52:19', 'updated_at': '2020-08-11 10:44:14', 'deleted_at': None, 'status_str': '有效', 'work_type_str': None, 'gender_str': '保密', 'is_new': '1', 'constellation': '保密', 'age': '保密', 'user_img_arr': []}, 'message': '成功'}
2020-08-11 11:12:18,267 - test_api.py[line:203] - INFO: code断言成功.
2020-08-11 11:12:18,270 - test_api.py[line:17] - INFO: api接口测试场景：更新个人信息
2020-08-11 11:12:18,270 - test_api.py[line:18] - INFO: ===请求参数为：
2020-08-11 11:12:18,270 - test_api.py[line:19] - INFO: {'url': 'https://ggapi.qwdj.com/newapi/api/user/updateBySelf', 'parame': {'nick_name': '更改昵称-嶩', 'weight': '62'}, 'Method': 'post', 'expect': 2000000, 'expect_name': '更改昵称-嶩'}
2020-08-11 11:12:18,271 - test_api.py[line:20] - INFO: TOKEN的值：BE0B260EBBA637BE94EE569920A1CF8147F91DB40EFC6A22350ECA5C953C4742
2020-08-11 11:12:18,271 - test_api.py[line:21] - INFO: KEYS的值：7CEBEC695134CE4074499010EB0BFCEF47F91DB40EFC6A22350ECA5C953C4742
2020-08-11 11:12:18,271 - api_request.py[line:36] - INFO: 本次请求头：
2020-08-11 11:12:18,271 - api_request.py[line:37] - INFO: {'Authorization': 'Bear BE0B260EBBA637BE94EE569920A1CF8147F91DB40EFC6A22350ECA5C953C4742', 'clientKey': '7CEBEC695134CE4074499010EB0BFCEF47F91DB40EFC6A22350ECA5C953C4742', 'random': 'i4gmCu9WyH6ODKaI1EUnzwM46ZVtpvFJ', 'lng': '116.397128', 'lat': '39.916527', 'mac': 'bJ6wNmhMxQsk0Wu', 'deviceinfo': 'iOS 11.3', 'ip': '223.75.238.173', 'appversion': '1.0.2', 'apppt': '2', 'isNoEncryption': '1', 'channelId': '1'}
2020-08-11 11:12:18,532 - api_request.py[line:47] - INFO: post接口请求成功！
2020-08-11 11:12:18,532 - test_api.py[line:24] - INFO: 本次请求响应结果如下：
2020-08-11 11:12:18,532 - test_api.py[line:25] - INFO: {'result': True, 'code': 2000000, 'ret': {'id': 18959573, 'uuid': 18959573, 'jpush_register_id': None, 'netease_im_token': '123456', 'nick_name': '更改昵称-嶩', 'avatar': 'https://static.gg6.com.cn/up/default_avatar.png', 'bg_img': None, 'sign': None, 'phonenum': '13297025059', 'gender': 0, 'audio': None, 'audio_duration': 0, 'user_img': None, 'video': None, 'interest_ids': None, 'work_type': None, 'height': None, 'weight': '62', 'country': None, 'province': None, 'city': None, 'address': None, 'birthday': None, 'language': None, 'p_user_id': None, 'is_system': 0, 'vip_exp': '0.00', 'vip_level_id': None, 'noble_exp': '0.00', 'noble_level_id': None, 'channel_id': 1, 'last_online_at': None, 'is_open_push': 0, 'mac': None, 'user_last_login_appid': 1, 'created_at': '2020-08-07 17:52:19', 'status_str': '有效', 'work_type_str': None, 'gender_str': '保密', 'is_new': '1', 'constellation': '保密', 'age': '保密', 'user_img_arr': [], 'interests_str': '', 'user_info_over_rate': 0.1}, 'message': '成功'}
2020-08-11 11:12:18,533 - test_api.py[line:216] - INFO: code断言成功.
2020-08-11 11:12:18,533 - test_api.py[line:223] - INFO: 用户昵称检查成功
