2020-08-11 16:17:28,680 - test_api.py[line:144] - INFO: 用例前置：将账号修改密码还原为'aaa111'
2020-08-11 16:17:28,680 - api_request.py[line:36] - INFO: 本次请求头：
2020-08-11 16:17:28,680 - api_request.py[line:37] - INFO: {'Authorization': 'Bear E0BFB7F8B55B7293F39C641D76790F75D25A34B9C2A87DB380ECD7F7115882EC', 'clientKey': 'D951406E0C41E664DBA079F6E0D066F9D25A34B9C2A87DB380ECD7F7115882EC', 'random': 'CIhOqFjQ3f0JXZ9eNDtryckLwbxEWmAo', 'lng': '116.397128', 'lat': '39.916527', 'mac': 'qWK3j4DIx1ToaUZ', 'deviceinfo': 'iOS 11.3', 'ip': '223.75.238.173', 'appversion': '1.0.2', 'apppt': '2', 'isNoEncryption': '1', 'channelId': '1'}
2020-08-11 16:17:28,850 - api_request.py[line:47] - INFO: post接口请求成功！
2020-08-11 16:17:28,850 - test_api.py[line:149] - INFO: 本次请求响应结果如下：
2020-08-11 16:17:28,851 - test_api.py[line:150] - INFO: {'result': True, 'code': 2000000, 'ret': None, 'message': '成功'}
2020-08-11 16:17:28,851 - test_api.py[line:19] - INFO: =================================================================
2020-08-11 16:17:28,851 - test_api.py[line:20] - INFO: api接口测试场景：手机号登录-正确场景
2020-08-11 16:17:28,851 - test_api.py[line:21] - INFO: ===请求参数为：
2020-08-11 16:17:28,851 - test_api.py[line:22] - INFO: {'url': 'https://ggapi.qwdj.com/newapi/api/user/login', 'parame': {'account_type': '1', 'phonenum': '13297025059', 'password': 'aaa111'}, 'Method': 'post', 'expect': 2000000}
2020-08-11 16:17:28,852 - test_api.py[line:23] - INFO: TOKEN的值：
2020-08-11 16:17:28,852 - test_api.py[line:24] - INFO: KEYS的值：
2020-08-11 16:17:28,852 - api_request.py[line:36] - INFO: 本次请求头：
2020-08-11 16:17:28,852 - api_request.py[line:37] - INFO: {'Authorization': 'Bear E0BFB7F8B55B7293F39C641D76790F75D25A34B9C2A87DB380ECD7F7115882EC', 'clientKey': 'D951406E0C41E664DBA079F6E0D066F9D25A34B9C2A87DB380ECD7F7115882EC', 'random': 'W6Z7bpoeSAQjk8OrU1HKxBJCVL8PYGmg', 'lng': '116.397128', 'lat': '39.916527', 'mac': 'pk7eM2Jy1GAqifl', 'deviceinfo': 'iOS 11.3', 'ip': '223.75.238.173', 'appversion': '1.0.2', 'apppt': '2', 'isNoEncryption': '1', 'channelId': '1'}
2020-08-11 16:17:29,041 - api_request.py[line:47] - INFO: post接口请求成功！
2020-08-11 16:17:29,041 - test_api.py[line:27] - INFO: 本次请求响应结果如下：
2020-08-11 16:17:29,042 - test_api.py[line:28] - INFO: {'result': True, 'code': 2000000, 'ret': {'id': 18959573, 'uuid': 18959573, 'jpush_register_id': None, 'netease_im_token': '123456', 'nick_name': '更改昵称-獓', 'avatar': 'https://static.gg6.com.cn/up/default_avatar.png', 'bg_img': None, 'sign': None, 'phonenum': 'LaKjE5jenWpF88E1E5gTmw==', 'gender': 0, 'audio': None, 'audio_duration': 0, 'user_img': None, 'video': None, 'interest_ids': None, 'work_type': None, 'height': None, 'weight': '62.00', 'country': None, 'province': None, 'city': None, 'address': None, 'birthday': None, 'language': None, 'p_user_id': None, 'is_system': 0, 'vip_exp': '0.00', 'vip_level_id': None, 'noble_exp': '0.00', 'noble_level_id': None, 'channel_id': 1, 'last_online_at': None, 'is_open_push': 0, 'mac': None, 'user_last_login_appid': 1, 'created_at': '2020-08-07 17:52:19', 'account_type': '1', 'status_str': '有效', 'work_type_str': None, 'gender_str': '保密', 'is_new': '1', 'constellation': '保密', 'age': '保密', 'user_img_arr': ['https://static.gg6.com.cn/up/default_user_img.png'], 'token': 'BE0B260EBBA637BE94EE569920A1CF8147F91DB40EFC6A22350ECA5C953C4742', 'key': '7CEBEC695134CE4074499010EB0BFCEF47F91DB40EFC6A22350ECA5C953C4742', 'secret': '5268AA2A3E5D25F2', 'mount': None, 'avatar_frame': None, 'seat_frame': None, 'medal': None, 'join_effect': None, 'vip_level': None, 'noble_level': None, 'is_player': 0}, 'message': '成功'}
2020-08-11 16:17:29,042 - test_api.py[line:155] - INFO: code断言成功.
2020-08-11 16:17:29,054 - test_api.py[line:19] - INFO: =================================================================
2020-08-11 16:17:29,054 - test_api.py[line:20] - INFO: api接口测试场景：更新个人信息
2020-08-11 16:17:29,055 - test_api.py[line:21] - INFO: ===请求参数为：
2020-08-11 16:17:29,055 - test_api.py[line:22] - INFO: {'url': 'https://ggapi.qwdj.com/newapi/api/user/updateBySelf', 'parame': {'nick_name': '更改昵称-黲', 'weight': '62'}, 'Method': 'post', 'expect': 2000000, 'expect_name': '更改昵称-黲'}
2020-08-11 16:17:29,055 - test_api.py[line:23] - INFO: TOKEN的值：BE0B260EBBA637BE94EE569920A1CF8147F91DB40EFC6A22350ECA5C953C4742
2020-08-11 16:17:29,055 - test_api.py[line:24] - INFO: KEYS的值：7CEBEC695134CE4074499010EB0BFCEF47F91DB40EFC6A22350ECA5C953C4742
2020-08-11 16:17:29,056 - api_request.py[line:36] - INFO: 本次请求头：
2020-08-11 16:17:29,056 - api_request.py[line:37] - INFO: {'Authorization': 'Bear BE0B260EBBA637BE94EE569920A1CF8147F91DB40EFC6A22350ECA5C953C4742', 'clientKey': '7CEBEC695134CE4074499010EB0BFCEF47F91DB40EFC6A22350ECA5C953C4742', 'random': 'gpWLdBQeGaFEuzrI6fliH2yMbw38NohY', 'lng': '116.397128', 'lat': '39.916527', 'mac': 'ZE8M61yNSjmLtTX', 'deviceinfo': 'iOS 11.3', 'ip': '223.75.238.173', 'appversion': '1.0.2', 'apppt': '2', 'isNoEncryption': '1', 'channelId': '1'}
2020-08-11 16:17:29,306 - api_request.py[line:47] - INFO: post接口请求成功！
2020-08-11 16:17:29,307 - test_api.py[line:27] - INFO: 本次请求响应结果如下：
2020-08-11 16:17:29,307 - test_api.py[line:28] - INFO: {'result': True, 'code': 2000000, 'ret': {'id': 18959573, 'uuid': 18959573, 'jpush_register_id': None, 'netease_im_token': '123456', 'nick_name': '更改昵称-黲', 'avatar': 'https://static.gg6.com.cn/up/default_avatar.png', 'bg_img': None, 'sign': None, 'phonenum': '13297025059', 'gender': 0, 'audio': None, 'audio_duration': 0, 'user_img': None, 'video': None, 'interest_ids': None, 'work_type': None, 'height': None, 'weight': '62', 'country': None, 'province': None, 'city': None, 'address': None, 'birthday': None, 'language': None, 'p_user_id': None, 'is_system': 0, 'vip_exp': '0.00', 'vip_level_id': None, 'noble_exp': '0.00', 'noble_level_id': None, 'channel_id': 1, 'last_online_at': None, 'is_open_push': 0, 'mac': None, 'user_last_login_appid': 1, 'created_at': '2020-08-07 17:52:19', 'status_str': '有效', 'work_type_str': None, 'gender_str': '保密', 'is_new': '1', 'constellation': '保密', 'age': '保密', 'user_img_arr': [], 'interests_str': '', 'user_info_over_rate': 0.1}, 'message': '成功'}
2020-08-11 16:17:29,307 - test_api.py[line:219] - INFO: code断言成功.
2020-08-11 16:17:29,308 - test_api.py[line:228] - INFO: 用户昵称检查成功
2020-08-11 16:17:29,312 - test_api.py[line:446] - INFO: 获取用户是否绑定微信的状态。。。
2020-08-11 16:17:29,312 - test_api.py[line:19] - INFO: =================================================================
2020-08-11 16:17:29,312 - test_api.py[line:20] - INFO: api接口测试场景：绑定/取消第三方账号（微信）
2020-08-11 16:17:29,312 - test_api.py[line:21] - INFO: ===请求参数为：
2020-08-11 16:17:29,312 - test_api.py[line:22] - INFO: {'url': 'https://ggapi.qwdj.com/newapi/api/user/isExistBindThirdLogin', 'parame': {'phonenum': '13297025059', 'account_type': '5'}, 'Method': 'get', 'expect': 2000000}
2020-08-11 16:17:29,313 - test_api.py[line:23] - INFO: TOKEN的值：BE0B260EBBA637BE94EE569920A1CF8147F91DB40EFC6A22350ECA5C953C4742
2020-08-11 16:17:29,313 - test_api.py[line:24] - INFO: KEYS的值：7CEBEC695134CE4074499010EB0BFCEF47F91DB40EFC6A22350ECA5C953C4742
2020-08-11 16:17:29,313 - api_request.py[line:36] - INFO: 本次请求头：
2020-08-11 16:17:29,313 - api_request.py[line:37] - INFO: {'Authorization': 'Bear BE0B260EBBA637BE94EE569920A1CF8147F91DB40EFC6A22350ECA5C953C4742', 'clientKey': '7CEBEC695134CE4074499010EB0BFCEF47F91DB40EFC6A22350ECA5C953C4742', 'random': 'AVwkgU4ChWNGXmZHu7bqcRLBaxnideyM', 'lng': '116.397128', 'lat': '39.916527', 'mac': 'G7g2dKLW3fq7emJ', 'deviceinfo': 'iOS 11.3', 'ip': '223.75.238.173', 'appversion': '1.0.2', 'apppt': '2', 'isNoEncryption': '1', 'channelId': '1'}
2020-08-11 16:17:29,460 - test_api.py[line:27] - INFO: 本次请求响应结果如下：
2020-08-11 16:17:29,460 - test_api.py[line:28] - INFO: {'result': True, 'code': 2000000, 'ret': {'is_exist': '1'}, 'message': '成功'}
2020-08-11 16:17:29,460 - test_api.py[line:451] - INFO: code断言成功.
2020-08-11 16:17:29,460 - test_api.py[line:456] - INFO: 通过状态对用户进行绑定/解绑操作
2020-08-11 16:17:29,460 - test_api.py[line:478] - INFO: 当前账号已绑定微信，接下来进行解绑。。
2020-08-11 16:17:29,460 - test_api.py[line:19] - INFO: =================================================================
2020-08-11 16:17:29,460 - test_api.py[line:20] - INFO: api接口测试场景：绑定/取消第三方账号（微信）
2020-08-11 16:17:29,461 - test_api.py[line:21] - INFO: ===请求参数为：
2020-08-11 16:17:29,461 - test_api.py[line:22] - INFO: {'url': 'https://ggapi.qwdj.com/newapi/api/user/cancelBindThirdLogin', 'parame': {'account_type': '5'}, 'Method': 'post', 'expect': 2000000}
2020-08-11 16:17:29,461 - test_api.py[line:23] - INFO: TOKEN的值：BE0B260EBBA637BE94EE569920A1CF8147F91DB40EFC6A22350ECA5C953C4742
2020-08-11 16:17:29,461 - test_api.py[line:24] - INFO: KEYS的值：7CEBEC695134CE4074499010EB0BFCEF47F91DB40EFC6A22350ECA5C953C4742
2020-08-11 16:17:29,461 - api_request.py[line:36] - INFO: 本次请求头：
2020-08-11 16:17:29,461 - api_request.py[line:37] - INFO: {'Authorization': 'Bear BE0B260EBBA637BE94EE569920A1CF8147F91DB40EFC6A22350ECA5C953C4742', 'clientKey': '7CEBEC695134CE4074499010EB0BFCEF47F91DB40EFC6A22350ECA5C953C4742', 'random': '8XgDkYChqm6apz39l1LRuHFSftwj8OTo', 'lng': '116.397128', 'lat': '39.916527', 'mac': 'kOcqMVUGlzdiYjh', 'deviceinfo': 'iOS 11.3', 'ip': '223.75.238.173', 'appversion': '1.0.2', 'apppt': '2', 'isNoEncryption': '1', 'channelId': '1'}
2020-08-11 16:17:29,609 - api_request.py[line:47] - INFO: post接口请求成功！
2020-08-11 16:17:29,610 - test_api.py[line:27] - INFO: 本次请求响应结果如下：
2020-08-11 16:17:29,610 - test_api.py[line:28] - INFO: {'result': True, 'code': 2000000, 'ret': {'token': 'BE0B260EBBA637BE94EE569920A1CF8147F91DB40EFC6A22350ECA5C953C4742', 'key': '7CEBEC695134CE4074499010EB0BFCEF47F91DB40EFC6A22350ECA5C953C4742', 'secret': '5268AA2A3E5D25F2'}, 'message': '成功'}
2020-08-11 16:17:29,610 - test_api.py[line:483] - INFO: code断言成功.
2020-08-11 16:17:29,610 - test_api.py[line:488] - INFO: 解绑微信后再次获取状态。。。
2020-08-11 16:17:29,610 - test_api.py[line:19] - INFO: =================================================================
2020-08-11 16:17:29,610 - test_api.py[line:20] - INFO: api接口测试场景：绑定/取消第三方账号（微信）
2020-08-11 16:17:29,610 - test_api.py[line:21] - INFO: ===请求参数为：
2020-08-11 16:17:29,610 - test_api.py[line:22] - INFO: {'url': 'https://ggapi.qwdj.com/newapi/api/user/isExistBindThirdLogin', 'parame': {'phonenum': '13297025059', 'account_type': '5'}, 'Method': 'get', 'expect': 2000000}
2020-08-11 16:17:29,610 - test_api.py[line:23] - INFO: TOKEN的值：BE0B260EBBA637BE94EE569920A1CF8147F91DB40EFC6A22350ECA5C953C4742
2020-08-11 16:17:29,610 - test_api.py[line:24] - INFO: KEYS的值：7CEBEC695134CE4074499010EB0BFCEF47F91DB40EFC6A22350ECA5C953C4742
2020-08-11 16:17:29,610 - api_request.py[line:36] - INFO: 本次请求头：
2020-08-11 16:17:29,611 - api_request.py[line:37] - INFO: {'Authorization': 'Bear BE0B260EBBA637BE94EE569920A1CF8147F91DB40EFC6A22350ECA5C953C4742', 'clientKey': '7CEBEC695134CE4074499010EB0BFCEF47F91DB40EFC6A22350ECA5C953C4742', 'random': 'hXl5bSIdMzT4eqxwBRryfkA4Zu7JGHct', 'lng': '116.397128', 'lat': '39.916527', 'mac': 'Snlo5fHwVWKpizN', 'deviceinfo': 'iOS 11.3', 'ip': '223.75.238.173', 'appversion': '1.0.2', 'apppt': '2', 'isNoEncryption': '1', 'channelId': '1'}
2020-08-11 16:17:29,748 - test_api.py[line:27] - INFO: 本次请求响应结果如下：
2020-08-11 16:17:29,748 - test_api.py[line:28] - INFO: {'result': True, 'code': 2000000, 'ret': {'is_exist': '0'}, 'message': '成功'}
2020-08-11 16:17:29,749 - test_api.py[line:493] - INFO: 解绑成功，状态为'0'
