2020-08-11 16:21:43,054 - test_api.py[line:144] - INFO: 用例前置：将账号修改密码还原为'aaa111'
2020-08-11 16:21:43,055 - api_request.py[line:36] - INFO: 本次请求头：
2020-08-11 16:21:43,055 - api_request.py[line:37] - INFO: {'Authorization': 'Bear E0BFB7F8B55B7293F39C641D76790F75D25A34B9C2A87DB380ECD7F7115882EC', 'clientKey': 'D951406E0C41E664DBA079F6E0D066F9D25A34B9C2A87DB380ECD7F7115882EC', 'random': 'HlEkwV8tiM2CyxGXdWnjq7Bpm0fShcIo', 'lng': '116.397128', 'lat': '39.916527', 'mac': 'IiTKkHNYCWf1xPe', 'deviceinfo': 'iOS 11.3', 'ip': '223.75.238.173', 'appversion': '1.0.2', 'apppt': '2', 'isNoEncryption': '1', 'channelId': '1'}
2020-08-11 16:21:43,223 - api_request.py[line:47] - INFO: post接口请求成功！
2020-08-11 16:21:43,223 - test_api.py[line:149] - INFO: 本次请求响应结果如下：
2020-08-11 16:21:43,223 - test_api.py[line:150] - INFO: {'result': True, 'code': 2000000, 'ret': None, 'message': '成功'}
2020-08-11 16:21:43,223 - test_api.py[line:19] - INFO: =================================================================
2020-08-11 16:21:43,223 - test_api.py[line:20] - INFO: api接口测试场景：手机号登录-正确场景
2020-08-11 16:21:43,224 - test_api.py[line:21] - INFO: ===请求参数为：
2020-08-11 16:21:43,224 - test_api.py[line:22] - INFO: {'url': 'https://ggapi.qwdj.com/newapi/api/user/login', 'parame': {'account_type': '1', 'phonenum': '13297025059', 'password': 'aaa111'}, 'Method': 'post', 'expect': 2000000}
2020-08-11 16:21:43,224 - test_api.py[line:23] - INFO: TOKEN的值：
2020-08-11 16:21:43,224 - test_api.py[line:24] - INFO: KEYS的值：
2020-08-11 16:21:43,224 - api_request.py[line:36] - INFO: 本次请求头：
2020-08-11 16:21:43,224 - api_request.py[line:37] - INFO: {'Authorization': 'Bear E0BFB7F8B55B7293F39C641D76790F75D25A34B9C2A87DB380ECD7F7115882EC', 'clientKey': 'D951406E0C41E664DBA079F6E0D066F9D25A34B9C2A87DB380ECD7F7115882EC', 'random': 'jh9R4FzcMpWQluxeiIv1kaTsXtAOqVNS', 'lng': '116.397128', 'lat': '39.916527', 'mac': 'pGrBg5v5XTDbIUC', 'deviceinfo': 'iOS 11.3', 'ip': '223.75.238.173', 'appversion': '1.0.2', 'apppt': '2', 'isNoEncryption': '1', 'channelId': '1'}
2020-08-11 16:21:43,413 - api_request.py[line:47] - INFO: post接口请求成功！
2020-08-11 16:21:43,413 - test_api.py[line:27] - INFO: 本次请求响应结果如下：
2020-08-11 16:21:43,413 - test_api.py[line:28] - INFO: {'result': True, 'code': 2000000, 'ret': {'id': 18959573, 'uuid': 18959573, 'jpush_register_id': None, 'netease_im_token': '123456', 'nick_name': '更改昵称-黲', 'avatar': 'https://static.gg6.com.cn/up/default_avatar.png', 'bg_img': None, 'sign': None, 'phonenum': 'LaKjE5jenWpF88E1E5gTmw==', 'gender': 0, 'audio': None, 'audio_duration': 0, 'user_img': None, 'video': None, 'interest_ids': None, 'work_type': None, 'height': None, 'weight': '62.00', 'country': None, 'province': None, 'city': None, 'address': None, 'birthday': None, 'language': None, 'p_user_id': None, 'is_system': 0, 'vip_exp': '0.00', 'vip_level_id': None, 'noble_exp': '0.00', 'noble_level_id': None, 'channel_id': 1, 'last_online_at': None, 'is_open_push': 0, 'mac': None, 'user_last_login_appid': 1, 'created_at': '2020-08-07 17:52:19', 'account_type': '1', 'status_str': '有效', 'work_type_str': None, 'gender_str': '保密', 'is_new': '1', 'constellation': '保密', 'age': '保密', 'user_img_arr': ['https://static.gg6.com.cn/up/default_user_img.png'], 'token': 'BE0B260EBBA637BE94EE569920A1CF8147F91DB40EFC6A22350ECA5C953C4742', 'key': '7CEBEC695134CE4074499010EB0BFCEF47F91DB40EFC6A22350ECA5C953C4742', 'secret': '5268AA2A3E5D25F2', 'mount': None, 'avatar_frame': None, 'seat_frame': None, 'medal': None, 'join_effect': None, 'vip_level': None, 'noble_level': None, 'is_player': 0}, 'message': '成功'}
2020-08-11 16:21:43,414 - test_api.py[line:155] - INFO: code断言成功.
2020-08-11 16:21:43,420 - test_api.py[line:19] - INFO: =================================================================
2020-08-11 16:21:43,421 - test_api.py[line:20] - INFO: api接口测试场景：更新个人信息
2020-08-11 16:21:43,421 - test_api.py[line:21] - INFO: ===请求参数为：
2020-08-11 16:21:43,421 - test_api.py[line:22] - INFO: {'url': 'https://ggapi.qwdj.com/newapi/api/user/updateBySelf', 'parame': {'nick_name': '更改昵称-投', 'weight': '62'}, 'Method': 'post', 'expect': 2000000, 'expect_name': '更改昵称-投'}
2020-08-11 16:21:43,421 - test_api.py[line:23] - INFO: TOKEN的值：BE0B260EBBA637BE94EE569920A1CF8147F91DB40EFC6A22350ECA5C953C4742
2020-08-11 16:21:43,422 - test_api.py[line:24] - INFO: KEYS的值：7CEBEC695134CE4074499010EB0BFCEF47F91DB40EFC6A22350ECA5C953C4742
2020-08-11 16:21:43,422 - api_request.py[line:36] - INFO: 本次请求头：
2020-08-11 16:21:43,422 - api_request.py[line:37] - INFO: {'Authorization': 'Bear BE0B260EBBA637BE94EE569920A1CF8147F91DB40EFC6A22350ECA5C953C4742', 'clientKey': '7CEBEC695134CE4074499010EB0BFCEF47F91DB40EFC6A22350ECA5C953C4742', 'random': 'bo29dNXYCJrvTInxQA9BKU9tkVS6qLul', 'lng': '116.397128', 'lat': '39.916527', 'mac': 'BYyfpa7gU7zhIbT', 'deviceinfo': 'iOS 11.3', 'ip': '223.75.238.173', 'appversion': '1.0.2', 'apppt': '2', 'isNoEncryption': '1', 'channelId': '1'}
2020-08-11 16:21:43,684 - api_request.py[line:47] - INFO: post接口请求成功！
2020-08-11 16:21:43,685 - test_api.py[line:27] - INFO: 本次请求响应结果如下：
2020-08-11 16:21:43,685 - test_api.py[line:28] - INFO: {'result': True, 'code': 2000000, 'ret': {'id': 18959573, 'uuid': 18959573, 'jpush_register_id': None, 'netease_im_token': '123456', 'nick_name': '更改昵称-投', 'avatar': 'https://static.gg6.com.cn/up/default_avatar.png', 'bg_img': None, 'sign': None, 'phonenum': '13297025059', 'gender': 0, 'audio': None, 'audio_duration': 0, 'user_img': None, 'video': None, 'interest_ids': None, 'work_type': None, 'height': None, 'weight': '62', 'country': None, 'province': None, 'city': None, 'address': None, 'birthday': None, 'language': None, 'p_user_id': None, 'is_system': 0, 'vip_exp': '0.00', 'vip_level_id': None, 'noble_exp': '0.00', 'noble_level_id': None, 'channel_id': 1, 'last_online_at': None, 'is_open_push': 0, 'mac': None, 'user_last_login_appid': 1, 'created_at': '2020-08-07 17:52:19', 'status_str': '有效', 'work_type_str': None, 'gender_str': '保密', 'is_new': '1', 'constellation': '保密', 'age': '保密', 'user_img_arr': [], 'interests_str': '', 'user_info_over_rate': 0.1}, 'message': '成功'}
2020-08-11 16:21:43,685 - test_api.py[line:219] - INFO: code断言成功.
2020-08-11 16:21:43,686 - test_api.py[line:228] - INFO: 用户昵称检查成功
2020-08-11 16:21:43,690 - test_api.py[line:502] - INFO: 获取用户是否绑定QQ的状态。。。
2020-08-11 16:21:43,691 - test_api.py[line:19] - INFO: =================================================================
2020-08-11 16:21:43,691 - test_api.py[line:20] - INFO: api接口测试场景：绑定/取消第三方账号（QQ）
2020-08-11 16:21:43,692 - test_api.py[line:21] - INFO: ===请求参数为：
2020-08-11 16:21:43,693 - test_api.py[line:22] - INFO: {'url': 'https://ggapi.qwdj.com/newapi/api/user/isExistBindThirdLogin', 'parame': {'phonenum': '13297025059', 'account_type': '6'}, 'Method': 'get', 'expect': 2000000}
2020-08-11 16:21:43,693 - test_api.py[line:23] - INFO: TOKEN的值：BE0B260EBBA637BE94EE569920A1CF8147F91DB40EFC6A22350ECA5C953C4742
2020-08-11 16:21:43,693 - test_api.py[line:24] - INFO: KEYS的值：7CEBEC695134CE4074499010EB0BFCEF47F91DB40EFC6A22350ECA5C953C4742
2020-08-11 16:21:43,694 - api_request.py[line:36] - INFO: 本次请求头：
2020-08-11 16:21:43,694 - api_request.py[line:37] - INFO: {'Authorization': 'Bear BE0B260EBBA637BE94EE569920A1CF8147F91DB40EFC6A22350ECA5C953C4742', 'clientKey': '7CEBEC695134CE4074499010EB0BFCEF47F91DB40EFC6A22350ECA5C953C4742', 'random': 'KnHLOQTfca7yFIG8WoAztqCwES2X4MhJ', 'lng': '116.397128', 'lat': '39.916527', 'mac': 'GT6qvmYgp43NAat', 'deviceinfo': 'iOS 11.3', 'ip': '223.75.238.173', 'appversion': '1.0.2', 'apppt': '2', 'isNoEncryption': '1', 'channelId': '1'}
2020-08-11 16:21:43,853 - test_api.py[line:27] - INFO: 本次请求响应结果如下：
2020-08-11 16:21:43,854 - test_api.py[line:28] - INFO: {'result': True, 'code': 2000000, 'ret': {'is_exist': '1'}, 'message': '成功'}
2020-08-11 16:21:43,854 - test_api.py[line:507] - INFO: code断言成功.
2020-08-11 16:21:43,854 - test_api.py[line:512] - INFO: 通过状态对用户进行绑定/解绑QQ操作
2020-08-11 16:21:43,854 - test_api.py[line:534] - INFO: 当前账号已绑定QQ，接下来进行解绑。。
2020-08-11 16:21:43,855 - test_api.py[line:19] - INFO: =================================================================
2020-08-11 16:21:43,855 - test_api.py[line:20] - INFO: api接口测试场景：绑定/取消第三方账号（QQ）
2020-08-11 16:21:43,855 - test_api.py[line:21] - INFO: ===请求参数为：
2020-08-11 16:21:43,855 - test_api.py[line:22] - INFO: {'url': 'https://ggapi.qwdj.com/newapi/api/user/cancelBindThirdLogin', 'parame': {'account_type': '6'}, 'Method': 'post', 'expect': 2000000}
2020-08-11 16:21:43,855 - test_api.py[line:23] - INFO: TOKEN的值：BE0B260EBBA637BE94EE569920A1CF8147F91DB40EFC6A22350ECA5C953C4742
2020-08-11 16:21:43,855 - test_api.py[line:24] - INFO: KEYS的值：7CEBEC695134CE4074499010EB0BFCEF47F91DB40EFC6A22350ECA5C953C4742
2020-08-11 16:21:43,855 - api_request.py[line:36] - INFO: 本次请求头：
2020-08-11 16:21:43,855 - api_request.py[line:37] - INFO: {'Authorization': 'Bear BE0B260EBBA637BE94EE569920A1CF8147F91DB40EFC6A22350ECA5C953C4742', 'clientKey': '7CEBEC695134CE4074499010EB0BFCEF47F91DB40EFC6A22350ECA5C953C4742', 'random': 'pcbMnO4JkQHyISBWUe4mXfdECj3LvlsV', 'lng': '116.397128', 'lat': '39.916527', 'mac': 'W2jfveKCAFVwh1s', 'deviceinfo': 'iOS 11.3', 'ip': '223.75.238.173', 'appversion': '1.0.2', 'apppt': '2', 'isNoEncryption': '1', 'channelId': '1'}
2020-08-11 16:21:44,009 - api_request.py[line:47] - INFO: post接口请求成功！
2020-08-11 16:21:44,011 - test_api.py[line:27] - INFO: 本次请求响应结果如下：
2020-08-11 16:21:44,011 - test_api.py[line:28] - INFO: {'result': True, 'code': 2000000, 'ret': {'token': 'BE0B260EBBA637BE94EE569920A1CF8147F91DB40EFC6A22350ECA5C953C4742', 'key': '7CEBEC695134CE4074499010EB0BFCEF47F91DB40EFC6A22350ECA5C953C4742', 'secret': '5268AA2A3E5D25F2'}, 'message': '成功'}
2020-08-11 16:21:44,012 - test_api.py[line:539] - INFO: code断言成功.
2020-08-11 16:21:44,013 - test_api.py[line:544] - INFO: 解绑QQ后再次获取状态。。。
2020-08-11 16:21:44,014 - test_api.py[line:19] - INFO: =================================================================
2020-08-11 16:21:44,014 - test_api.py[line:20] - INFO: api接口测试场景：绑定/取消第三方账号（QQ）
2020-08-11 16:21:44,014 - test_api.py[line:21] - INFO: ===请求参数为：
2020-08-11 16:21:44,014 - test_api.py[line:22] - INFO: {'url': 'https://ggapi.qwdj.com/newapi/api/user/isExistBindThirdLogin', 'parame': {'phonenum': '13297025059', 'account_type': '6'}, 'Method': 'get', 'expect': 2000000}
2020-08-11 16:21:44,015 - test_api.py[line:23] - INFO: TOKEN的值：BE0B260EBBA637BE94EE569920A1CF8147F91DB40EFC6A22350ECA5C953C4742
2020-08-11 16:21:44,015 - test_api.py[line:24] - INFO: KEYS的值：7CEBEC695134CE4074499010EB0BFCEF47F91DB40EFC6A22350ECA5C953C4742
2020-08-11 16:21:44,015 - api_request.py[line:36] - INFO: 本次请求头：
2020-08-11 16:21:44,015 - api_request.py[line:37] - INFO: {'Authorization': 'Bear BE0B260EBBA637BE94EE569920A1CF8147F91DB40EFC6A22350ECA5C953C4742', 'clientKey': '7CEBEC695134CE4074499010EB0BFCEF47F91DB40EFC6A22350ECA5C953C4742', 'random': 'WMFiBODKpXbJZrtg2mL3uC3cvs46Vf3d', 'lng': '116.397128', 'lat': '39.916527', 'mac': 'ZXOma9RFK9QNTq3', 'deviceinfo': 'iOS 11.3', 'ip': '223.75.238.173', 'appversion': '1.0.2', 'apppt': '2', 'isNoEncryption': '1', 'channelId': '1'}
2020-08-11 16:21:44,159 - test_api.py[line:27] - INFO: 本次请求响应结果如下：
2020-08-11 16:21:44,159 - test_api.py[line:28] - INFO: {'result': True, 'code': 2000000, 'ret': {'is_exist': '0'}, 'message': '成功'}
2020-08-11 16:21:44,159 - test_api.py[line:549] - INFO: 解绑成功，状态为'0'
2020-08-11 16:21:55,805 - test_api.py[line:144] - INFO: 用例前置：将账号修改密码还原为'aaa111'
2020-08-11 16:21:55,806 - api_request.py[line:36] - INFO: 本次请求头：
2020-08-11 16:21:55,806 - api_request.py[line:37] - INFO: {'Authorization': 'Bear E0BFB7F8B55B7293F39C641D76790F75D25A34B9C2A87DB380ECD7F7115882EC', 'clientKey': 'D951406E0C41E664DBA079F6E0D066F9D25A34B9C2A87DB380ECD7F7115882EC', 'random': 'CwzmvXp67Ljc2YqMZegt6JFkRx38sVHI', 'lng': '116.397128', 'lat': '39.916527', 'mac': 'e2KbAuNalF8cDoM', 'deviceinfo': 'iOS 11.3', 'ip': '223.75.238.173', 'appversion': '1.0.2', 'apppt': '2', 'isNoEncryption': '1', 'channelId': '1'}
2020-08-11 16:21:55,971 - api_request.py[line:47] - INFO: post接口请求成功！
2020-08-11 16:21:55,971 - test_api.py[line:149] - INFO: 本次请求响应结果如下：
2020-08-11 16:21:55,972 - test_api.py[line:150] - INFO: {'result': True, 'code': 2000000, 'ret': None, 'message': '成功'}
2020-08-11 16:21:55,972 - test_api.py[line:19] - INFO: =================================================================
2020-08-11 16:21:55,972 - test_api.py[line:20] - INFO: api接口测试场景：手机号登录-正确场景
2020-08-11 16:21:55,972 - test_api.py[line:21] - INFO: ===请求参数为：
2020-08-11 16:21:55,972 - test_api.py[line:22] - INFO: {'url': 'https://ggapi.qwdj.com/newapi/api/user/login', 'parame': {'account_type': '1', 'phonenum': '13297025059', 'password': 'aaa111'}, 'Method': 'post', 'expect': 2000000}
2020-08-11 16:21:55,973 - test_api.py[line:23] - INFO: TOKEN的值：
2020-08-11 16:21:55,973 - test_api.py[line:24] - INFO: KEYS的值：
2020-08-11 16:21:55,973 - api_request.py[line:36] - INFO: 本次请求头：
2020-08-11 16:21:55,973 - api_request.py[line:37] - INFO: {'Authorization': 'Bear E0BFB7F8B55B7293F39C641D76790F75D25A34B9C2A87DB380ECD7F7115882EC', 'clientKey': 'D951406E0C41E664DBA079F6E0D066F9D25A34B9C2A87DB380ECD7F7115882EC', 'random': 'cmpksuBEKOZ5DdgFvYyP9Mei76CtWxbX', 'lng': '116.397128', 'lat': '39.916527', 'mac': 'KlQkBi7XHIF4sLh', 'deviceinfo': 'iOS 11.3', 'ip': '223.75.238.173', 'appversion': '1.0.2', 'apppt': '2', 'isNoEncryption': '1', 'channelId': '1'}
2020-08-11 16:21:56,156 - api_request.py[line:47] - INFO: post接口请求成功！
2020-08-11 16:21:56,157 - test_api.py[line:27] - INFO: 本次请求响应结果如下：
2020-08-11 16:21:56,157 - test_api.py[line:28] - INFO: {'result': True, 'code': 2000000, 'ret': {'id': 18959573, 'uuid': 18959573, 'jpush_register_id': None, 'netease_im_token': '123456', 'nick_name': '更改昵称-投', 'avatar': 'https://static.gg6.com.cn/up/default_avatar.png', 'bg_img': None, 'sign': None, 'phonenum': 'LaKjE5jenWpF88E1E5gTmw==', 'gender': 0, 'audio': None, 'audio_duration': 0, 'user_img': None, 'video': None, 'interest_ids': None, 'work_type': None, 'height': None, 'weight': '62.00', 'country': None, 'province': None, 'city': None, 'address': None, 'birthday': None, 'language': None, 'p_user_id': None, 'is_system': 0, 'vip_exp': '0.00', 'vip_level_id': None, 'noble_exp': '0.00', 'noble_level_id': None, 'channel_id': 1, 'last_online_at': None, 'is_open_push': 0, 'mac': None, 'user_last_login_appid': 1, 'created_at': '2020-08-07 17:52:19', 'account_type': '1', 'status_str': '有效', 'work_type_str': None, 'gender_str': '保密', 'is_new': '1', 'constellation': '保密', 'age': '保密', 'user_img_arr': ['https://static.gg6.com.cn/up/default_user_img.png'], 'token': 'BE0B260EBBA637BE94EE569920A1CF8147F91DB40EFC6A22350ECA5C953C4742', 'key': '7CEBEC695134CE4074499010EB0BFCEF47F91DB40EFC6A22350ECA5C953C4742', 'secret': '5268AA2A3E5D25F2', 'mount': None, 'avatar_frame': None, 'seat_frame': None, 'medal': None, 'join_effect': None, 'vip_level': None, 'noble_level': None, 'is_player': 0}, 'message': '成功'}
2020-08-11 16:21:56,157 - test_api.py[line:155] - INFO: code断言成功.
2020-08-11 16:21:56,161 - test_api.py[line:19] - INFO: =================================================================
2020-08-11 16:21:56,161 - test_api.py[line:20] - INFO: api接口测试场景：更新个人信息
2020-08-11 16:21:56,161 - test_api.py[line:21] - INFO: ===请求参数为：
2020-08-11 16:21:56,161 - test_api.py[line:22] - INFO: {'url': 'https://ggapi.qwdj.com/newapi/api/user/updateBySelf', 'parame': {'nick_name': '更改昵称-毋', 'weight': '62'}, 'Method': 'post', 'expect': 2000000, 'expect_name': '更改昵称-毋'}
2020-08-11 16:21:56,162 - test_api.py[line:23] - INFO: TOKEN的值：BE0B260EBBA637BE94EE569920A1CF8147F91DB40EFC6A22350ECA5C953C4742
2020-08-11 16:21:56,162 - test_api.py[line:24] - INFO: KEYS的值：7CEBEC695134CE4074499010EB0BFCEF47F91DB40EFC6A22350ECA5C953C4742
2020-08-11 16:21:56,162 - api_request.py[line:36] - INFO: 本次请求头：
2020-08-11 16:21:56,162 - api_request.py[line:37] - INFO: {'Authorization': 'Bear BE0B260EBBA637BE94EE569920A1CF8147F91DB40EFC6A22350ECA5C953C4742', 'clientKey': '7CEBEC695134CE4074499010EB0BFCEF47F91DB40EFC6A22350ECA5C953C4742', 'random': 'CWDzTFRO8wl1qijetJpmZyY6PBXSxrsb', 'lng': '116.397128', 'lat': '39.916527', 'mac': 'yfYd4aQOsR0rIDJ', 'deviceinfo': 'iOS 11.3', 'ip': '223.75.238.173', 'appversion': '1.0.2', 'apppt': '2', 'isNoEncryption': '1', 'channelId': '1'}
2020-08-11 16:21:56,443 - api_request.py[line:47] - INFO: post接口请求成功！
2020-08-11 16:21:56,443 - test_api.py[line:27] - INFO: 本次请求响应结果如下：
2020-08-11 16:21:56,443 - test_api.py[line:28] - INFO: {'result': True, 'code': 2000000, 'ret': {'id': 18959573, 'uuid': 18959573, 'jpush_register_id': None, 'netease_im_token': '123456', 'nick_name': '更改昵称-毋', 'avatar': 'https://static.gg6.com.cn/up/default_avatar.png', 'bg_img': None, 'sign': None, 'phonenum': '13297025059', 'gender': 0, 'audio': None, 'audio_duration': 0, 'user_img': None, 'video': None, 'interest_ids': None, 'work_type': None, 'height': None, 'weight': '62', 'country': None, 'province': None, 'city': None, 'address': None, 'birthday': None, 'language': None, 'p_user_id': None, 'is_system': 0, 'vip_exp': '0.00', 'vip_level_id': None, 'noble_exp': '0.00', 'noble_level_id': None, 'channel_id': 1, 'last_online_at': None, 'is_open_push': 0, 'mac': None, 'user_last_login_appid': 1, 'created_at': '2020-08-07 17:52:19', 'status_str': '有效', 'work_type_str': None, 'gender_str': '保密', 'is_new': '1', 'constellation': '保密', 'age': '保密', 'user_img_arr': [], 'interests_str': '', 'user_info_over_rate': 0.1}, 'message': '成功'}
2020-08-11 16:21:56,444 - test_api.py[line:219] - INFO: code断言成功.
2020-08-11 16:21:56,444 - test_api.py[line:228] - INFO: 用户昵称检查成功
2020-08-11 16:21:56,450 - test_api.py[line:502] - INFO: 获取用户是否绑定QQ的状态。。。
2020-08-11 16:21:56,450 - test_api.py[line:19] - INFO: =================================================================
2020-08-11 16:21:56,450 - test_api.py[line:20] - INFO: api接口测试场景：绑定/取消第三方账号（QQ）
2020-08-11 16:21:56,450 - test_api.py[line:21] - INFO: ===请求参数为：
2020-08-11 16:21:56,450 - test_api.py[line:22] - INFO: {'url': 'https://ggapi.qwdj.com/newapi/api/user/isExistBindThirdLogin', 'parame': {'phonenum': '13297025059', 'account_type': '6'}, 'Method': 'get', 'expect': 2000000}
2020-08-11 16:21:56,450 - test_api.py[line:23] - INFO: TOKEN的值：BE0B260EBBA637BE94EE569920A1CF8147F91DB40EFC6A22350ECA5C953C4742
2020-08-11 16:21:56,450 - test_api.py[line:24] - INFO: KEYS的值：7CEBEC695134CE4074499010EB0BFCEF47F91DB40EFC6A22350ECA5C953C4742
2020-08-11 16:21:56,451 - api_request.py[line:36] - INFO: 本次请求头：
2020-08-11 16:21:56,451 - api_request.py[line:37] - INFO: {'Authorization': 'Bear BE0B260EBBA637BE94EE569920A1CF8147F91DB40EFC6A22350ECA5C953C4742', 'clientKey': '7CEBEC695134CE4074499010EB0BFCEF47F91DB40EFC6A22350ECA5C953C4742', 'random': 'ptNSyF4AT3JeClxDIRXvYiEdOMH5QV5b', 'lng': '116.397128', 'lat': '39.916527', 'mac': 'INYMV37XHhxBfvp', 'deviceinfo': 'iOS 11.3', 'ip': '223.75.238.173', 'appversion': '1.0.2', 'apppt': '2', 'isNoEncryption': '1', 'channelId': '1'}
2020-08-11 16:21:56,591 - test_api.py[line:27] - INFO: 本次请求响应结果如下：
2020-08-11 16:21:56,592 - test_api.py[line:28] - INFO: {'result': True, 'code': 2000000, 'ret': {'is_exist': '0'}, 'message': '成功'}
2020-08-11 16:21:56,592 - test_api.py[line:507] - INFO: code断言成功.
2020-08-11 16:21:56,592 - test_api.py[line:512] - INFO: 通过状态对用户进行绑定/解绑QQ操作
2020-08-11 16:21:56,592 - test_api.py[line:514] - INFO: 当前账号还没有绑定QQ，接下来进行绑定操作。。
2020-08-11 16:21:56,592 - test_api.py[line:19] - INFO: =================================================================
2020-08-11 16:21:56,592 - test_api.py[line:20] - INFO: api接口测试场景：绑定/取消第三方账号（QQ）
2020-08-11 16:21:56,592 - test_api.py[line:21] - INFO: ===请求参数为：
2020-08-11 16:21:56,592 - test_api.py[line:22] - INFO: {'url': 'https://ggapi.qwdj.com/newapi/api/user/setBindThirdLogin', 'parame': {'account_type': '6', 'open_id': '3000001'}, 'Method': 'post', 'expect': 2000000}
2020-08-11 16:21:56,593 - test_api.py[line:23] - INFO: TOKEN的值：BE0B260EBBA637BE94EE569920A1CF8147F91DB40EFC6A22350ECA5C953C4742
2020-08-11 16:21:56,593 - test_api.py[line:24] - INFO: KEYS的值：7CEBEC695134CE4074499010EB0BFCEF47F91DB40EFC6A22350ECA5C953C4742
2020-08-11 16:21:56,593 - api_request.py[line:36] - INFO: 本次请求头：
2020-08-11 16:21:56,593 - api_request.py[line:37] - INFO: {'Authorization': 'Bear BE0B260EBBA637BE94EE569920A1CF8147F91DB40EFC6A22350ECA5C953C4742', 'clientKey': '7CEBEC695134CE4074499010EB0BFCEF47F91DB40EFC6A22350ECA5C953C4742', 'random': 'dlawekm77LxbP7NQ3T0jFyuKoYOCJsAt', 'lng': '116.397128', 'lat': '39.916527', 'mac': 'mBKWt6IgkEnQDPr', 'deviceinfo': 'iOS 11.3', 'ip': '223.75.238.173', 'appversion': '1.0.2', 'apppt': '2', 'isNoEncryption': '1', 'channelId': '1'}
2020-08-11 16:21:56,760 - api_request.py[line:47] - INFO: post接口请求成功！
2020-08-11 16:21:56,760 - test_api.py[line:27] - INFO: 本次请求响应结果如下：
2020-08-11 16:21:56,760 - test_api.py[line:28] - INFO: {'result': True, 'code': 2000000, 'ret': None, 'message': '成功'}
2020-08-11 16:21:56,760 - test_api.py[line:519] - INFO: code断言成功.
2020-08-11 16:21:56,761 - test_api.py[line:524] - INFO: 绑定QQ后再次获取状态。。。
2020-08-11 16:21:56,761 - test_api.py[line:19] - INFO: =================================================================
2020-08-11 16:21:56,761 - test_api.py[line:20] - INFO: api接口测试场景：绑定/取消第三方账号（QQ）
2020-08-11 16:21:56,761 - test_api.py[line:21] - INFO: ===请求参数为：
2020-08-11 16:21:56,761 - test_api.py[line:22] - INFO: {'url': 'https://ggapi.qwdj.com/newapi/api/user/isExistBindThirdLogin', 'parame': {'phonenum': '13297025059', 'account_type': '6'}, 'Method': 'get', 'expect': 2000000}
2020-08-11 16:21:56,761 - test_api.py[line:23] - INFO: TOKEN的值：BE0B260EBBA637BE94EE569920A1CF8147F91DB40EFC6A22350ECA5C953C4742
2020-08-11 16:21:56,761 - test_api.py[line:24] - INFO: KEYS的值：7CEBEC695134CE4074499010EB0BFCEF47F91DB40EFC6A22350ECA5C953C4742
2020-08-11 16:21:56,761 - api_request.py[line:36] - INFO: 本次请求头：
2020-08-11 16:21:56,761 - api_request.py[line:37] - INFO: {'Authorization': 'Bear BE0B260EBBA637BE94EE569920A1CF8147F91DB40EFC6A22350ECA5C953C4742', 'clientKey': '7CEBEC695134CE4074499010EB0BFCEF47F91DB40EFC6A22350ECA5C953C4742', 'random': 'BvZAI50yNoF7TCdjufq52iw32YmJpEkV', 'lng': '116.397128', 'lat': '39.916527', 'mac': 'VMptrg9azNiY1On', 'deviceinfo': 'iOS 11.3', 'ip': '223.75.238.173', 'appversion': '1.0.2', 'apppt': '2', 'isNoEncryption': '1', 'channelId': '1'}
2020-08-11 16:21:56,892 - test_api.py[line:27] - INFO: 本次请求响应结果如下：
2020-08-11 16:21:56,892 - test_api.py[line:28] - INFO: {'result': True, 'code': 2000000, 'ret': {'is_exist': '1'}, 'message': '成功'}
2020-08-11 16:21:56,892 - test_api.py[line:529] - INFO: 绑定成功，状态为'1'
