2020-08-11 15:21:48,302 - test_api.py[line:145] - INFO: 用例前置：将账号修改密码还原为'aaa111'
2020-08-11 15:21:48,302 - api_request.py[line:36] - INFO: 本次请求头：
2020-08-11 15:21:48,302 - api_request.py[line:37] - INFO: {'Authorization': 'Bear E0BFB7F8B55B7293F39C641D76790F75D25A34B9C2A87DB380ECD7F7115882EC', 'clientKey': 'D951406E0C41E664DBA079F6E0D066F9D25A34B9C2A87DB380ECD7F7115882EC', 'random': 'HfYKPMIzvwle51DJk0onyqs3ptCcuOGd', 'lng': '116.397128', 'lat': '39.916527', 'mac': 'mwbQVcyC9n4BsHJ', 'deviceinfo': 'iOS 11.3', 'ip': '223.75.238.173', 'appversion': '1.0.2', 'apppt': '2', 'isNoEncryption': '1', 'channelId': '1'}
2020-08-11 15:21:48,479 - api_request.py[line:47] - INFO: post接口请求成功！
2020-08-11 15:21:48,479 - test_api.py[line:150] - INFO: 本次请求响应结果如下：
2020-08-11 15:21:48,480 - test_api.py[line:151] - INFO: {'result': True, 'code': 2000000, 'ret': None, 'message': '成功'}
2020-08-11 15:21:48,480 - test_api.py[line:20] - INFO: =================================================================
2020-08-11 15:21:48,480 - test_api.py[line:21] - INFO: api接口测试场景：手机号登录-正确场景
2020-08-11 15:21:48,480 - test_api.py[line:22] - INFO: ===请求参数为：
2020-08-11 15:21:48,480 - test_api.py[line:23] - INFO: {'url': 'https://ggapi.qwdj.com/newapi/api/user/login', 'parame': {'account_type': '1', 'phonenum': '13297025059', 'password': 'aaa111'}, 'Method': 'post', 'expect': 2000000}
2020-08-11 15:21:48,481 - test_api.py[line:24] - INFO: TOKEN的值：
2020-08-11 15:21:48,481 - test_api.py[line:25] - INFO: KEYS的值：
2020-08-11 15:21:48,481 - api_request.py[line:36] - INFO: 本次请求头：
2020-08-11 15:21:48,481 - api_request.py[line:37] - INFO: {'Authorization': 'Bear E0BFB7F8B55B7293F39C641D76790F75D25A34B9C2A87DB380ECD7F7115882EC', 'clientKey': 'D951406E0C41E664DBA079F6E0D066F9D25A34B9C2A87DB380ECD7F7115882EC', 'random': 'Bsx3hHAKD1WyCZoT4kEM728tqNXFLpIQ', 'lng': '116.397128', 'lat': '39.916527', 'mac': '4SdXHmfyJjhgURF', 'deviceinfo': 'iOS 11.3', 'ip': '223.75.238.173', 'appversion': '1.0.2', 'apppt': '2', 'isNoEncryption': '1', 'channelId': '1'}
2020-08-11 15:21:48,676 - api_request.py[line:47] - INFO: post接口请求成功！
2020-08-11 15:21:48,676 - test_api.py[line:28] - INFO: 本次请求响应结果如下：
2020-08-11 15:21:48,677 - test_api.py[line:29] - INFO: {'result': True, 'code': 2000000, 'ret': {'id': 18959573, 'uuid': 18959573, 'jpush_register_id': None, 'netease_im_token': '123456', 'nick_name': '更改昵称-湎', 'avatar': 'https://static.gg6.com.cn/up/default_avatar.png', 'bg_img': None, 'sign': None, 'phonenum': 'LaKjE5jenWpF88E1E5gTmw==', 'gender': 0, 'audio': None, 'audio_duration': 0, 'user_img': None, 'video': None, 'interest_ids': None, 'work_type': None, 'height': None, 'weight': '62.00', 'country': None, 'province': None, 'city': None, 'address': None, 'birthday': None, 'language': None, 'p_user_id': None, 'is_system': 0, 'vip_exp': '0.00', 'vip_level_id': None, 'noble_exp': '0.00', 'noble_level_id': None, 'channel_id': 1, 'last_online_at': None, 'is_open_push': 0, 'mac': None, 'user_last_login_appid': 1, 'created_at': '2020-08-07 17:52:19', 'account_type': '1', 'status_str': '有效', 'work_type_str': None, 'gender_str': '保密', 'is_new': '1', 'constellation': '保密', 'age': '保密', 'user_img_arr': ['https://static.gg6.com.cn/up/default_user_img.png'], 'token': 'BE0B260EBBA637BE94EE569920A1CF8147F91DB40EFC6A22350ECA5C953C4742', 'key': '7CEBEC695134CE4074499010EB0BFCEF47F91DB40EFC6A22350ECA5C953C4742', 'secret': '5268AA2A3E5D25F2', 'mount': None, 'avatar_frame': None, 'seat_frame': None, 'medal': None, 'join_effect': None, 'vip_level': None, 'noble_level': None, 'is_player': 0}, 'message': '成功'}
2020-08-11 15:21:48,677 - test_api.py[line:156] - INFO: code断言成功.
2020-08-11 15:21:48,683 - test_api.py[line:20] - INFO: =================================================================
2020-08-11 15:21:48,683 - test_api.py[line:21] - INFO: api接口测试场景：更新个人信息
2020-08-11 15:21:48,683 - test_api.py[line:22] - INFO: ===请求参数为：
2020-08-11 15:21:48,683 - test_api.py[line:23] - INFO: {'url': 'https://ggapi.qwdj.com/newapi/api/user/updateBySelf', 'parame': {'nick_name': '更改昵称-漧', 'weight': '62'}, 'Method': 'post', 'expect': 2000000, 'expect_name': '更改昵称-漧'}
2020-08-11 15:21:48,683 - test_api.py[line:24] - INFO: TOKEN的值：BE0B260EBBA637BE94EE569920A1CF8147F91DB40EFC6A22350ECA5C953C4742
2020-08-11 15:21:48,683 - test_api.py[line:25] - INFO: KEYS的值：7CEBEC695134CE4074499010EB0BFCEF47F91DB40EFC6A22350ECA5C953C4742
2020-08-11 15:21:48,684 - api_request.py[line:36] - INFO: 本次请求头：
2020-08-11 15:21:48,684 - api_request.py[line:37] - INFO: {'Authorization': 'Bear BE0B260EBBA637BE94EE569920A1CF8147F91DB40EFC6A22350ECA5C953C4742', 'clientKey': '7CEBEC695134CE4074499010EB0BFCEF47F91DB40EFC6A22350ECA5C953C4742', 'random': 'u2fEb5RBQi5UoNFVWA56njxevqsIChOt', 'lng': '116.397128', 'lat': '39.916527', 'mac': 'hAe6qGUFNZi9uTC', 'deviceinfo': 'iOS 11.3', 'ip': '223.75.238.173', 'appversion': '1.0.2', 'apppt': '2', 'isNoEncryption': '1', 'channelId': '1'}
2020-08-11 15:21:48,925 - api_request.py[line:47] - INFO: post接口请求成功！
2020-08-11 15:21:48,925 - test_api.py[line:28] - INFO: 本次请求响应结果如下：
2020-08-11 15:21:48,925 - test_api.py[line:29] - INFO: {'result': True, 'code': 2000000, 'ret': {'id': 18959573, 'uuid': 18959573, 'jpush_register_id': None, 'netease_im_token': '123456', 'nick_name': '更改昵称-漧', 'avatar': 'https://static.gg6.com.cn/up/default_avatar.png', 'bg_img': None, 'sign': None, 'phonenum': '13297025059', 'gender': 0, 'audio': None, 'audio_duration': 0, 'user_img': None, 'video': None, 'interest_ids': None, 'work_type': None, 'height': None, 'weight': '62', 'country': None, 'province': None, 'city': None, 'address': None, 'birthday': None, 'language': None, 'p_user_id': None, 'is_system': 0, 'vip_exp': '0.00', 'vip_level_id': None, 'noble_exp': '0.00', 'noble_level_id': None, 'channel_id': 1, 'last_online_at': None, 'is_open_push': 0, 'mac': None, 'user_last_login_appid': 1, 'created_at': '2020-08-07 17:52:19', 'status_str': '有效', 'work_type_str': None, 'gender_str': '保密', 'is_new': '1', 'constellation': '保密', 'age': '保密', 'user_img_arr': [], 'interests_str': '', 'user_info_over_rate': 0.1}, 'message': '成功'}
2020-08-11 15:21:48,926 - test_api.py[line:220] - INFO: code断言成功.
2020-08-11 15:21:48,926 - test_api.py[line:229] - INFO: 用户昵称检查成功
2020-08-11 15:21:48,930 - test_api.py[line:20] - INFO: =================================================================
2020-08-11 15:21:48,930 - test_api.py[line:21] - INFO: api接口测试场景：获取实人认证审核状态
2020-08-11 15:21:48,930 - test_api.py[line:22] - INFO: ===请求参数为：
2020-08-11 15:21:48,930 - test_api.py[line:23] - INFO: {'url': 'https://ggapi.qwdj.com/newapi/api/userAliRpRecord/getAuditStatus', 'parame': {}, 'Method': 'post', 'expect': 2000000}
2020-08-11 15:21:48,930 - test_api.py[line:24] - INFO: TOKEN的值：BE0B260EBBA637BE94EE569920A1CF8147F91DB40EFC6A22350ECA5C953C4742
2020-08-11 15:21:48,930 - test_api.py[line:25] - INFO: KEYS的值：7CEBEC695134CE4074499010EB0BFCEF47F91DB40EFC6A22350ECA5C953C4742
2020-08-11 15:21:48,931 - api_request.py[line:36] - INFO: 本次请求头：
2020-08-11 15:21:48,931 - api_request.py[line:37] - INFO: {'Authorization': 'Bear BE0B260EBBA637BE94EE569920A1CF8147F91DB40EFC6A22350ECA5C953C4742', 'clientKey': '7CEBEC695134CE4074499010EB0BFCEF47F91DB40EFC6A22350ECA5C953C4742', 'random': '46jKO8ra7mqRGZk5ESfyXpWgBCFVcIMP', 'lng': '116.397128', 'lat': '39.916527', 'mac': '3R6JtQLrq2fePjs', 'deviceinfo': 'iOS 11.3', 'ip': '223.75.238.173', 'appversion': '1.0.2', 'apppt': '2', 'isNoEncryption': '1', 'channelId': '1'}
2020-08-11 15:21:49,086 - api_request.py[line:47] - INFO: post接口请求成功！
2020-08-11 15:21:49,086 - test_api.py[line:28] - INFO: 本次请求响应结果如下：
2020-08-11 15:21:49,086 - test_api.py[line:29] - INFO: {'result': True, 'code': 2000000, 'ret': {'audit_status': False, 'user_ali_rp_record': None}, 'message': '成功'}
2020-08-11 15:21:49,086 - test_api.py[line:379] - INFO: code断言成功.
2020-08-11 15:21:49,087 - test_api.py[line:381] - INFO: 此时用户认证的审核状态为: False
2020-08-11 15:21:49,090 - test_api.py[line:20] - INFO: =================================================================
2020-08-11 15:21:49,091 - test_api.py[line:21] - INFO: api接口测试场景：发起阿里云实人认证请求
2020-08-11 15:21:49,091 - test_api.py[line:22] - INFO: ===请求参数为：
2020-08-11 15:21:49,091 - test_api.py[line:23] - INFO: {'url': 'https://ggapi.qwdj.com/newapi/api/userAliRpRecord/describeVerifyToken', 'parame': {}, 'Method': 'post', 'expect': 2000000}
2020-08-11 15:21:49,091 - test_api.py[line:24] - INFO: TOKEN的值：BE0B260EBBA637BE94EE569920A1CF8147F91DB40EFC6A22350ECA5C953C4742
2020-08-11 15:21:49,091 - test_api.py[line:25] - INFO: KEYS的值：7CEBEC695134CE4074499010EB0BFCEF47F91DB40EFC6A22350ECA5C953C4742
2020-08-11 15:21:49,091 - api_request.py[line:36] - INFO: 本次请求头：
2020-08-11 15:21:49,092 - api_request.py[line:37] - INFO: {'Authorization': 'Bear BE0B260EBBA637BE94EE569920A1CF8147F91DB40EFC6A22350ECA5C953C4742', 'clientKey': '7CEBEC695134CE4074499010EB0BFCEF47F91DB40EFC6A22350ECA5C953C4742', 'random': 'exzK4QMiFva7kUPSBc4gbysZRnNpmhHI', 'lng': '116.397128', 'lat': '39.916527', 'mac': 'U1CfYE5ctX6rwBG', 'deviceinfo': 'iOS 11.3', 'ip': '223.75.238.173', 'appversion': '1.0.2', 'apppt': '2', 'isNoEncryption': '1', 'channelId': '1'}
2020-08-11 15:21:49,648 - api_request.py[line:47] - INFO: post接口请求成功！
2020-08-11 15:21:49,648 - test_api.py[line:28] - INFO: 本次请求响应结果如下：
2020-08-11 15:21:49,649 - test_api.py[line:29] - INFO: {'result': True, 'code': 2000000, 'ret': {'trade_no': '202008111521515481029956539752', 'token': '12dab1e090c441729029fe2c09326768'}, 'message': '成功'}
2020-08-11 15:21:49,649 - test_api.py[line:394] - INFO: code断言成功.
